execve("/usr/bin/curl", ["curl", "-sS", "https://dl.yarnpkg.com/debian/pu"...], 0x7fffd4e803b0 /* 33 vars */) = 0
brk(NULL)                               = 0x7fffb926e000
arch_prctl(0x3001 /* ARCH_??? */, 0x7fffc02a2560) = -1 EINVAL (Invalid argument)
access("/etc/ld.so.preload", R_OK)      = -1 ENOENT (No such file or directory)
openat(AT_FDCWD, "/etc/ld.so.cache", O_RDONLY|O_CLOEXEC) = 3
fstat(3, {st_mode=S_IFREG|0644, st_size=32930, ...}) = 0
mmap(NULL, 32930, PROT_READ, MAP_PRIVATE, 3, 0) = 0x7fdf06e17000
close(3)                                = 0
openat(AT_FDCWD, "/lib/x86_64-linux-gnu/libcurl.so.4", O_RDONLY|O_CLOEXEC) = 3
read(3, "\177ELF\2\1\1\0\0\0\0\0\0\0\0\0\3\0>\0\1\0\0\0\240\t\1\0\0\0\0\0"..., 832) = 832
fstat(3, {st_mode=S_IFREG|0644, st_size=588424, ...}) = 0
mmap(NULL, 8192, PROT_READ|PROT_WRITE, MAP_PRIVATE|MAP_ANONYMOUS, -1, 0) = 0x7fdf06e10000
mmap(NULL, 591432, PROT_READ, MAP_PRIVATE|MAP_DENYWRITE, 3, 0) = 0x7fdf06d70000
mmap(0x7fdf06d7d000, 409600, PROT_READ|PROT_EXEC, MAP_PRIVATE|MAP_FIXED|MAP_DENYWRITE, 3, 0xd000) = 0x7fdf06d7d000
mmap(0x7fdf06de1000, 110592, PROT_READ, MAP_PRIVATE|MAP_FIXED|MAP_DENYWRITE, 3, 0x71000) = 0x7fdf06de1000
mmap(0x7fdf06dfc000, 20480, PROT_READ|PROT_WRITE, MAP_PRIVATE|MAP_FIXED|MAP_DENYWRITE, 3, 0x8b000) = 0x7fdf06dfc000
close(3)                                = 0
openat(AT_FDCWD, "/lib/x86_64-linux-gnu/libz.so.1", O_RDONLY|O_CLOEXEC) = 3
read(3, "\177ELF\2\1\1\3\0\0\0\0\0\0\0\0\3\0>\0\1\0\0\0\200\"\0\0\0\0\0\0"..., 832) = 832
fstat(3, {st_mode=S_IFREG|0644, st_size=108936, ...}) = 0
mmap(NULL, 110776, PROT_READ, MAP_PRIVATE|MAP_DENYWRITE, 3, 0) = 0x7fdf06d50000
mprotect(0x7fdf06d52000, 98304, PROT_NONE) = 0
mmap(0x7fdf06d52000, 69632, PROT_READ|PROT_EXEC, MAP_PRIVATE|MAP_FIXED|MAP_DENYWRITE, 3, 0x2000) = 0x7fdf06d52000
mmap(0x7fdf06d63000, 24576, PROT_READ, MAP_PRIVATE|MAP_FIXED|MAP_DENYWRITE, 3, 0x13000) = 0x7fdf06d63000
mmap(0x7fdf06d6a000, 8192, PROT_READ|PROT_WRITE, MAP_PRIVATE|MAP_FIXED|MAP_DENYWRITE, 3, 0x19000) = 0x7fdf06d6a000
close(3)                                = 0
openat(AT_FDCWD, "/lib/x86_64-linux-gnu/libpthread.so.0", O_RDONLY|O_CLOEXEC) = 3
read(3, "\177ELF\2\1\1\0\0\0\0\0\0\0\0\0\3\0>\0\1\0\0\0\220\201\0\0\0\0\0\0"..., 832) = 832
pread64(3, "\4\0\0\0\24\0\0\0\3\0\0\0GNU\0w\\\273\377\370\24Ef`xg\200\260\263\264\0"..., 68, 824) = 68
fstat(3, {st_mode=S_IFREG|0755, st_size=157224, ...}) = 0
pread64(3, "\4\0\0\0\24\0\0\0\3\0\0\0GNU\0w\\\273\377\370\24Ef`xg\200\260\263\264\0"..., 68, 824) = 68
mmap(NULL, 140408, PROT_READ, MAP_PRIVATE|MAP_DENYWRITE, 3, 0) = 0x7fdf06d2d000
mmap(0x7fdf06d34000, 69632, PROT_READ|PROT_EXEC, MAP_PRIVATE|MAP_FIXED|MAP_DENYWRITE, 3, 0x7000) = 0x7fdf06d34000
mmap(0x7fdf06d45000, 20480, PROT_READ, MAP_PRIVATE|MAP_FIXED|MAP_DENYWRITE, 3, 0x18000) = 0x7fdf06d45000
mmap(0x7fdf06d4a000, 8192, PROT_READ|PROT_WRITE, MAP_PRIVATE|MAP_FIXED|MAP_DENYWRITE, 3, 0x1c000) = 0x7fdf06d4a000
mmap(0x7fdf06d4c000, 13432, PROT_READ|PROT_WRITE, MAP_PRIVATE|MAP_FIXED|MAP_ANONYMOUS, -1, 0) = 0x7fdf06d4c000
close(3)                                = 0
openat(AT_FDCWD, "/lib/x86_64-linux-gnu/libc.so.6", O_RDONLY|O_CLOEXEC) = 3
read(3, "\177ELF\2\1\1\3\0\0\0\0\0\0\0\0\3\0>\0\1\0\0\0\360q\2\0\0\0\0\0"..., 832) = 832
pread64(3, "\6\0\0\0\4\0\0\0@\0\0\0\0\0\0\0@\0\0\0\0\0\0\0@\0\0\0\0\0\0\0"..., 784, 64) = 784
pread64(3, "\4\0\0\0\20\0\0\0\5\0\0\0GNU\0\2\0\0\300\4\0\0\0\3\0\0\0\0\0\0\0", 32, 848) = 32
pread64(3, "\4\0\0\0\24\0\0\0\3\0\0\0GNU\0cBR\340\305\370\2609W\242\345)q\235A\1"..., 68, 880) = 68
fstat(3, {st_mode=S_IFREG|0755, st_size=2029224, ...}) = 0
pread64(3, "\6\0\0\0\4\0\0\0@\0\0\0\0\0\0\0@\0\0\0\0\0\0\0@\0\0\0\0\0\0\0"..., 784, 64) = 784
pread64(3, "\4\0\0\0\20\0\0\0\5\0\0\0GNU\0\2\0\0\300\4\0\0\0\3\0\0\0\0\0\0\0", 32, 848) = 32
pread64(3, "\4\0\0\0\24\0\0\0\3\0\0\0GNU\0cBR\340\305\370\2609W\242\345)q\235A\1"..., 68, 880) = 68
mmap(NULL, 2036952, PROT_READ, MAP_PRIVATE|MAP_DENYWRITE, 3, 0) = 0x7fdf06b30000
mprotect(0x7fdf06b55000, 1847296, PROT_NONE) = 0
mmap(0x7fdf06b55000, 1540096, PROT_READ|PROT_EXEC, MAP_PRIVATE|MAP_FIXED|MAP_DENYWRITE, 3, 0x25000) = 0x7fdf06b55000
mmap(0x7fdf06ccd000, 303104, PROT_READ, MAP_PRIVATE|MAP_FIXED|MAP_DENYWRITE, 3, 0x19d000) = 0x7fdf06ccd000
mmap(0x7fdf06d18000, 24576, PROT_READ|PROT_WRITE, MAP_PRIVATE|MAP_FIXED|MAP_DENYWRITE, 3, 0x1e7000) = 0x7fdf06d18000
mmap(0x7fdf06d1e000, 13528, PROT_READ|PROT_WRITE, MAP_PRIVATE|MAP_FIXED|MAP_ANONYMOUS, -1, 0) = 0x7fdf06d1e000
close(3)                                = 0
openat(AT_FDCWD, "/lib/x86_64-linux-gnu/libnghttp2.so.14", O_RDONLY|O_CLOEXEC) = 3
read(3, "\177ELF\2\1\1\0\0\0\0\0\0\0\0\0\3\0>\0\1\0\0\0\340Q\0\0\0\0\0\0"..., 832) = 832
fstat(3, {st_mode=S_IFREG|0644, st_size=162160, ...}) = 0
mmap(NULL, 164080, PROT_READ, MAP_PRIVATE|MAP_DENYWRITE, 3, 0) = 0x7fdf06b00000
mmap(0x7fdf06b05000, 77824, PROT_READ|PROT_EXEC, MAP_PRIVATE|MAP_FIXED|MAP_DENYWRITE, 3, 0x5000) = 0x7fdf06b05000
mmap(0x7fdf06b18000, 53248, PROT_READ, MAP_PRIVATE|MAP_FIXED|MAP_DENYWRITE, 3, 0x18000) = 0x7fdf06b18000
mmap(0x7fdf06b25000, 16384, PROT_READ|PROT_WRITE, MAP_PRIVATE|MAP_FIXED|MAP_DENYWRITE, 3, 0x24000) = 0x7fdf06b25000
close(3)                                = 0
openat(AT_FDCWD, "/lib/x86_64-linux-gnu/libidn2.so.0", O_RDONLY|O_CLOEXEC) = 3
read(3, "\177ELF\2\1\1\0\0\0\0\0\0\0\0\0\3\0>\0\1\0\0\0\240$\0\0\0\0\0\0"..., 832) = 832
fstat(3, {st_mode=S_IFREG|0644, st_size=129096, ...}) = 0
mmap(NULL, 131096, PROT_READ, MAP_PRIVATE|MAP_DENYWRITE, 3, 0) = 0x7fdf06ad0000
mprotect(0x7fdf06ad2000, 118784, PROT_NONE) = 0
mmap(0x7fdf06ad2000, 20480, PROT_READ|PROT_EXEC, MAP_PRIVATE|MAP_FIXED|MAP_DENYWRITE, 3, 0x2000) = 0x7fdf06ad2000
mmap(0x7fdf06ad7000, 94208, PROT_READ, MAP_PRIVATE|MAP_FIXED|MAP_DENYWRITE, 3, 0x7000) = 0x7fdf06ad7000
mmap(0x7fdf06aef000, 8192, PROT_READ|PROT_WRITE, MAP_PRIVATE|MAP_FIXED|MAP_DENYWRITE, 3, 0x1e000) = 0x7fdf06aef000
close(3)                                = 0
openat(AT_FDCWD, "/lib/x86_64-linux-gnu/librtmp.so.1", O_RDONLY|O_CLOEXEC) = 3
read(3, "\177ELF\2\1\1\0\0\0\0\0\0\0\0\0\3\0>\0\1\0\0\0\200]\0\0\0\0\0\0"..., 832) = 832
fstat(3, {st_mode=S_IFREG|0644, st_size=125960, ...}) = 0
mmap(NULL, 8192, PROT_READ|PROT_WRITE, MAP_PRIVATE|MAP_ANONYMOUS, -1, 0) = 0x7fdf06ac0000
mmap(NULL, 127920, PROT_READ, MAP_PRIVATE|MAP_DENYWRITE, 3, 0) = 0x7fdf06aa0000
mprotect(0x7fdf06aa5000, 102400, PROT_NONE) = 0
mmap(0x7fdf06aa5000, 69632, PROT_READ|PROT_EXEC, MAP_PRIVATE|MAP_FIXED|MAP_DENYWRITE, 3, 0x5000) = 0x7fdf06aa5000
mmap(0x7fdf06ab6000, 28672, PROT_READ, MAP_PRIVATE|MAP_FIXED|MAP_DENYWRITE, 3, 0x16000) = 0x7fdf06ab6000
mmap(0x7fdf06abe000, 8192, PROT_READ|PROT_WRITE, MAP_PRIVATE|MAP_FIXED|MAP_DENYWRITE, 3, 0x1d000) = 0x7fdf06abe000
close(3)                                = 0
openat(AT_FDCWD, "/lib/x86_64-linux-gnu/libssh.so.4", O_RDONLY|O_CLOEXEC) = 3
read(3, "\177ELF\2\1\1\0\0\0\0\0\0\0\0\0\3\0>\0\1\0\0\0\340\364\0\0\0\0\0\0"..., 832) = 832
fstat(3, {st_mode=S_IFREG|0644, st_size=445976, ...}) = 0
mmap(NULL, 447904, PROT_READ, MAP_PRIVATE|MAP_DENYWRITE, 3, 0) = 0x7fdf06a30000
mprotect(0x7fdf06a3d000, 380928, PROT_NONE) = 0
mmap(0x7fdf06a3d000, 266240, PROT_READ|PROT_EXEC, MAP_PRIVATE|MAP_FIXED|MAP_DENYWRITE, 3, 0xd000) = 0x7fdf06a3d000
mmap(0x7fdf06a7e000, 110592, PROT_READ, MAP_PRIVATE|MAP_FIXED|MAP_DENYWRITE, 3, 0x4e000) = 0x7fdf06a7e000
mmap(0x7fdf06a9a000, 16384, PROT_READ|PROT_WRITE, MAP_PRIVATE|MAP_FIXED|MAP_DENYWRITE, 3, 0x69000) = 0x7fdf06a9a000
close(3)                                = 0
openat(AT_FDCWD, "/lib/x86_64-linux-gnu/libpsl.so.5", O_RDONLY|O_CLOEXEC) = 3
read(3, "\177ELF\2\1\1\0\0\0\0\0\0\0\0\0\3\0>\0\1\0\0\0\300#\0\0\0\0\0\0"..., 832) = 832
fstat(3, {st_mode=S_IFREG|0644, st_size=71672, ...}) = 0
mmap(NULL, 73744, PROT_READ, MAP_PRIVATE|MAP_DENYWRITE, 3, 0) = 0x7fdf06a10000
mmap(0x7fdf06a12000, 8192, PROT_READ|PROT_EXEC, MAP_PRIVATE|MAP_FIXED|MAP_DENYWRITE, 3, 0x2000) = 0x7fdf06a12000
mmap(0x7fdf06a14000, 53248, PROT_READ, MAP_PRIVATE|MAP_FIXED|MAP_DENYWRITE, 3, 0x4000) = 0x7fdf06a14000
mmap(0x7fdf06a21000, 8192, PROT_READ|PROT_WRITE, MAP_PRIVATE|MAP_FIXED|MAP_DENYWRITE, 3, 0x10000) = 0x7fdf06a21000
close(3)                                = 0
openat(AT_FDCWD, "/lib/x86_64-linux-gnu/libssl.so.1.1", O_RDONLY|O_CLOEXEC) = 3
read(3, "\177ELF\2\1\1\0\0\0\0\0\0\0\0\0\3\0>\0\1\0\0\0p\367\1\0\0\0\0\0"..., 832) = 832
fstat(3, {st_mode=S_IFREG|0644, st_size=598104, ...}) = 0
mmap(NULL, 600368, PROT_READ, MAP_PRIVATE|MAP_DENYWRITE, 3, 0) = 0x7fdf06970000
mprotect(0x7fdf0698c000, 434176, PROT_NONE) = 0
mmap(0x7fdf0698c000, 323584, PROT_READ|PROT_EXEC, MAP_PRIVATE|MAP_FIXED|MAP_DENYWRITE, 3, 0x1c000) = 0x7fdf0698c000
mmap(0x7fdf069db000, 106496, PROT_READ, MAP_PRIVATE|MAP_FIXED|MAP_DENYWRITE, 3, 0x6b000) = 0x7fdf069db000
mmap(0x7fdf069f6000, 53248, PROT_READ|PROT_WRITE, MAP_PRIVATE|MAP_FIXED|MAP_DENYWRITE, 3, 0x85000) = 0x7fdf069f6000
close(3)                                = 0
openat(AT_FDCWD, "/lib/x86_64-linux-gnu/libcrypto.so.1.1", O_RDONLY|O_CLOEXEC) = 3
read(3, "\177ELF\2\1\1\0\0\0\0\0\0\0\0\0\3\0>\0\1\0\0\0\0\220\7\0\0\0\0\0"..., 832) = 832
fstat(3, {st_mode=S_IFREG|0644, st_size=2954080, ...}) = 0
mmap(NULL, 2973600, PROT_READ, MAP_PRIVATE|MAP_DENYWRITE, 3, 0) = 0x7fdf06690000
mmap(0x7fdf06708000, 1683456, PROT_READ|PROT_EXEC, MAP_PRIVATE|MAP_FIXED|MAP_DENYWRITE, 3, 0x78000) = 0x7fdf06708000
mmap(0x7fdf068a3000, 593920, PROT_READ, MAP_PRIVATE|MAP_FIXED|MAP_DENYWRITE, 3, 0x213000) = 0x7fdf068a3000
mmap(0x7fdf06934000, 188416, PROT_READ|PROT_WRITE, MAP_PRIVATE|MAP_FIXED|MAP_DENYWRITE, 3, 0x2a3000) = 0x7fdf06934000
mmap(0x7fdf06962000, 16288, PROT_READ|PROT_WRITE, MAP_PRIVATE|MAP_FIXED|MAP_ANONYMOUS, -1, 0) = 0x7fdf06962000
close(3)                                = 0
openat(AT_FDCWD, "/lib/x86_64-linux-gnu/libgssapi_krb5.so.2", O_RDONLY|O_CLOEXEC) = 3
read(3, "\177ELF\2\1\1\0\0\0\0\0\0\0\0\0\3\0>\0\1\0\0\0P\321\0\0\0\0\0\0"..., 832) = 832
fstat(3, {st_mode=S_IFREG|0644, st_size=309712, ...}) = 0
mmap(NULL, 312128, PROT_READ, MAP_PRIVATE|MAP_DENYWRITE, 3, 0) = 0x7fdf06640000
mmap(0x7fdf0664b000, 204800, PROT_READ|PROT_EXEC, MAP_PRIVATE|MAP_FIXED|MAP_DENYWRITE, 3, 0xb000) = 0x7fdf0664b000
mmap(0x7fdf0667d000, 49152, PROT_READ, MAP_PRIVATE|MAP_FIXED|MAP_DENYWRITE, 3, 0x3d000) = 0x7fdf0667d000
mmap(0x7fdf06689000, 16384, PROT_READ|PROT_WRITE, MAP_PRIVATE|MAP_FIXED|MAP_DENYWRITE, 3, 0x48000) = 0x7fdf06689000
close(3)                                = 0
openat(AT_FDCWD, "/lib/x86_64-linux-gnu/libldap_r-2.4.so.2", O_RDONLY|O_CLOEXEC) = 3
read(3, "\177ELF\2\1\1\0\0\0\0\0\0\0\0\0\3\0>\0\1\0\0\0@\356\0\0\0\0\0\0"..., 832) = 832
fstat(3, {st_mode=S_IFREG|0644, st_size=339472, ...}) = 0
mmap(NULL, 8192, PROT_READ|PROT_WRITE, MAP_PRIVATE|MAP_ANONYMOUS, -1, 0) = 0x7fdf06630000
mmap(NULL, 351048, PROT_READ, MAP_PRIVATE|MAP_DENYWRITE, 3, 0) = 0x7fdf065d0000
mprotect(0x7fdf065dd000, 278528, PROT_NONE) = 0
mmap(0x7fdf065dd000, 212992, PROT_READ|PROT_EXEC, MAP_PRIVATE|MAP_FIXED|MAP_DENYWRITE, 3, 0xd000) = 0x7fdf065dd000
mmap(0x7fdf06611000, 61440, PROT_READ, MAP_PRIVATE|MAP_FIXED|MAP_DENYWRITE, 3, 0x41000) = 0x7fdf06611000
mmap(0x7fdf06621000, 12288, PROT_READ|PROT_WRITE, MAP_PRIVATE|MAP_FIXED|MAP_DENYWRITE, 3, 0x50000) = 0x7fdf06621000
mmap(0x7fdf06624000, 6984, PROT_READ|PROT_WRITE, MAP_PRIVATE|MAP_FIXED|MAP_ANONYMOUS, -1, 0) = 0x7fdf06624000
close(3)                                = 0
openat(AT_FDCWD, "/lib/x86_64-linux-gnu/liblber-2.4.so.2", O_RDONLY|O_CLOEXEC) = 3
read(3, "\177ELF\2\1\1\0\0\0\0\0\0\0\0\0\3\0>\0\1\0\0\0\3003\0\0\0\0\0\0"..., 832) = 832
fstat(3, {st_mode=S_IFREG|0644, st_size=63888, ...}) = 0
mmap(NULL, 66024, PROT_READ, MAP_PRIVATE|MAP_DENYWRITE, 3, 0) = 0x7fdf065b0000
mprotect(0x7fdf065b3000, 49152, PROT_NONE) = 0
mmap(0x7fdf065b3000, 32768, PROT_READ|PROT_EXEC, MAP_PRIVATE|MAP_FIXED|MAP_DENYWRITE, 3, 0x3000) = 0x7fdf065b3000
mmap(0x7fdf065bb000, 12288, PROT_READ, MAP_PRIVATE|MAP_FIXED|MAP_DENYWRITE, 3, 0xb000) = 0x7fdf065bb000
mmap(0x7fdf065bf000, 8192, PROT_READ|PROT_WRITE, MAP_PRIVATE|MAP_FIXED|MAP_DENYWRITE, 3, 0xe000) = 0x7fdf065bf000
close(3)                                = 0
openat(AT_FDCWD, "/lib/x86_64-linux-gnu/libbrotlidec.so.1", O_RDONLY|O_CLOEXEC) = 3
read(3, "\177ELF\2\1\1\0\0\0\0\0\0\0\0\0\3\0>\0\1\0\0\0@\21\0\0\0\0\0\0"..., 832) = 832
fstat(3, {st_mode=S_IFREG|0644, st_size=55608, ...}) = 0
mmap(NULL, 57448, PROT_READ, MAP_PRIVATE|MAP_DENYWRITE, 3, 0) = 0x7fdf065a0000
mprotect(0x7fdf065a1000, 49152, PROT_NONE) = 0
mmap(0x7fdf065a1000, 32768, PROT_READ|PROT_EXEC, MAP_PRIVATE|MAP_FIXED|MAP_DENYWRITE, 3, 0x1000) = 0x7fdf065a1000
mmap(0x7fdf065a9000, 12288, PROT_READ, MAP_PRIVATE|MAP_FIXED|MAP_DENYWRITE, 3, 0x9000) = 0x7fdf065a9000
mmap(0x7fdf065ad000, 8192, PROT_READ|PROT_WRITE, MAP_PRIVATE|MAP_FIXED|MAP_DENYWRITE, 3, 0xc000) = 0x7fdf065ad000
close(3)                                = 0
openat(AT_FDCWD, "/lib/x86_64-linux-gnu/libunistring.so.2", O_RDONLY|O_CLOEXEC) = 3
read(3, "\177ELF\2\1\1\0\0\0\0\0\0\0\0\0\3\0>\0\1\0\0\0@\10\1\0\0\0\0\0"..., 832) = 832
fstat(3, {st_mode=S_IFREG|0644, st_size=1575112, ...}) = 0
mmap(NULL, 1579272, PROT_READ, MAP_PRIVATE|MAP_DENYWRITE, 3, 0) = 0x7fdf06410000
mprotect(0x7fdf06420000, 1499136, PROT_NONE) = 0
mmap(0x7fdf06420000, 221184, PROT_READ|PROT_EXEC, MAP_PRIVATE|MAP_FIXED|MAP_DENYWRITE, 3, 0x10000) = 0x7fdf06420000
mmap(0x7fdf06456000, 1273856, PROT_READ, MAP_PRIVATE|MAP_FIXED|MAP_DENYWRITE, 3, 0x46000) = 0x7fdf06456000
mmap(0x7fdf0658e000, 16384, PROT_READ|PROT_WRITE, MAP_PRIVATE|MAP_FIXED|MAP_DENYWRITE, 3, 0x17d000) = 0x7fdf0658e000
close(3)                                = 0
openat(AT_FDCWD, "/lib/x86_64-linux-gnu/libgnutls.so.30", O_RDONLY|O_CLOEXEC) = 3
read(3, "\177ELF\2\1\1\0\0\0\0\0\0\0\0\0\3\0>\0\1\0\0\0\200\4\3\0\0\0\0\0"..., 832) = 832
fstat(3, {st_mode=S_IFREG|0644, st_size=1914336, ...}) = 0
mmap(NULL, 1922664, PROT_READ, MAP_PRIVATE|MAP_DENYWRITE, 3, 0) = 0x7fdf06230000
mprotect(0x7fdf0625f000, 1654784, PROT_NONE) = 0
mmap(0x7fdf0625f000, 1187840, PROT_READ|PROT_EXEC, MAP_PRIVATE|MAP_FIXED|MAP_DENYWRITE, 3, 0x2f000) = 0x7fdf0625f000
mmap(0x7fdf06381000, 462848, PROT_READ, MAP_PRIVATE|MAP_FIXED|MAP_DENYWRITE, 3, 0x151000) = 0x7fdf06381000
mmap(0x7fdf063f3000, 69632, PROT_READ|PROT_WRITE, MAP_PRIVATE|MAP_FIXED|MAP_DENYWRITE, 3, 0x1c2000) = 0x7fdf063f3000
mmap(0x7fdf06404000, 5736, PROT_READ|PROT_WRITE, MAP_PRIVATE|MAP_FIXED|MAP_ANONYMOUS, -1, 0) = 0x7fdf06404000
close(3)                                = 0
openat(AT_FDCWD, "/lib/x86_64-linux-gnu/libhogweed.so.5", O_RDONLY|O_CLOEXEC) = 3
read(3, "\177ELF\2\1\1\0\0\0\0\0\0\0\0\0\3\0>\0\1\0\0\0 v\0\0\0\0\0\0"..., 832) = 832
fstat(3, {st_mode=S_IFREG|0644, st_size=224072, ...}) = 0
mmap(NULL, 8192, PROT_READ|PROT_WRITE, MAP_PRIVATE|MAP_ANONYMOUS, -1, 0) = 0x7fdf06220000
mmap(NULL, 226072, PROT_READ, MAP_PRIVATE|MAP_DENYWRITE, 3, 0) = 0x7fdf061e0000
mmap(0x7fdf061e7000, 69632, PROT_READ|PROT_EXEC, MAP_PRIVATE|MAP_FIXED|MAP_DENYWRITE, 3, 0x7000) = 0x7fdf061e7000
mmap(0x7fdf061f8000, 122880, PROT_READ, MAP_PRIVATE|MAP_FIXED|MAP_DENYWRITE, 3, 0x18000) = 0x7fdf061f8000
mmap(0x7fdf06216000, 8192, PROT_READ|PROT_WRITE, MAP_PRIVATE|MAP_FIXED|MAP_DENYWRITE, 3, 0x35000) = 0x7fdf06216000
close(3)                                = 0
openat(AT_FDCWD, "/lib/x86_64-linux-gnu/libnettle.so.7", O_RDONLY|O_CLOEXEC) = 3
read(3, "\177ELF\2\1\1\0\0\0\0\0\0\0\0\0\3\0>\0\1\0\0\0\340\220\0\0\0\0\0\0"..., 832) = 832
fstat(3, {st_mode=S_IFREG|0644, st_size=231592, ...}) = 0
mmap(NULL, 233592, PROT_READ, MAP_PRIVATE|MAP_DENYWRITE, 3, 0) = 0x7fdf061a0000
mmap(0x7fdf061a9000, 122880, PROT_READ|PROT_EXEC, MAP_PRIVATE|MAP_FIXED|MAP_DENYWRITE, 3, 0x9000) = 0x7fdf061a9000
mmap(0x7fdf061c7000, 65536, PROT_READ, MAP_PRIVATE|MAP_FIXED|MAP_DENYWRITE, 3, 0x27000) = 0x7fdf061c7000
mmap(0x7fdf061d7000, 12288, PROT_READ|PROT_WRITE, MAP_PRIVATE|MAP_FIXED|MAP_DENYWRITE, 3, 0x36000) = 0x7fdf061d7000
close(3)                                = 0
openat(AT_FDCWD, "/lib/x86_64-linux-gnu/libgmp.so.10", O_RDONLY|O_CLOEXEC) = 3
read(3, "\177ELF\2\1\1\0\0\0\0\0\0\0\0\0\3\0>\0\1\0\0\0@\242\0\0\0\0\0\0"..., 832) = 832
fstat(3, {st_mode=S_IFREG|0644, st_size=534880, ...}) = 0
mmap(NULL, 537024, PROT_READ, MAP_PRIVATE|MAP_DENYWRITE, 3, 0) = 0x7fdf06110000
mprotect(0x7fdf0611a000, 491520, PROT_NONE) = 0
mmap(0x7fdf0611a000, 393216, PROT_READ|PROT_EXEC, MAP_PRIVATE|MAP_FIXED|MAP_DENYWRITE, 3, 0xa000) = 0x7fdf0611a000
mmap(0x7fdf0617a000, 94208, PROT_READ, MAP_PRIVATE|MAP_FIXED|MAP_DENYWRITE, 3, 0x6a000) = 0x7fdf0617a000
mmap(0x7fdf06192000, 8192, PROT_READ|PROT_WRITE, MAP_PRIVATE|MAP_FIXED|MAP_DENYWRITE, 3, 0x81000) = 0x7fdf06192000
close(3)                                = 0
openat(AT_FDCWD, "/lib/x86_64-linux-gnu/libdl.so.2", O_RDONLY|O_CLOEXEC) = 3
read(3, "\177ELF\2\1\1\0\0\0\0\0\0\0\0\0\3\0>\0\1\0\0\0 \22\0\0\0\0\0\0"..., 832) = 832
fstat(3, {st_mode=S_IFREG|0644, st_size=18816, ...}) = 0
mmap(NULL, 20752, PROT_READ, MAP_PRIVATE|MAP_DENYWRITE, 3, 0) = 0x7fdf06100000
mmap(0x7fdf06101000, 8192, PROT_READ|PROT_EXEC, MAP_PRIVATE|MAP_FIXED|MAP_DENYWRITE, 3, 0x1000) = 0x7fdf06101000
mmap(0x7fdf06103000, 4096, PROT_READ, MAP_PRIVATE|MAP_FIXED|MAP_DENYWRITE, 3, 0x3000) = 0x7fdf06103000
mmap(0x7fdf06104000, 8192, PROT_READ|PROT_WRITE, MAP_PRIVATE|MAP_FIXED|MAP_DENYWRITE, 3, 0x3000) = 0x7fdf06104000
close(3)                                = 0
openat(AT_FDCWD, "/lib/x86_64-linux-gnu/libkrb5.so.3", O_RDONLY|O_CLOEXEC) = 3
read(3, "\177ELF\2\1\1\0\0\0\0\0\0\0\0\0\3\0>\0\1\0\0\0 ?\2\0\0\0\0\0"..., 832) = 832
fstat(3, {st_mode=S_IFREG|0644, st_size=902016, ...}) = 0
mmap(NULL, 904640, PROT_READ, MAP_PRIVATE|MAP_DENYWRITE, 3, 0) = 0x7fdf06020000
mprotect(0x7fdf06042000, 700416, PROT_NONE) = 0
mmap(0x7fdf06042000, 397312, PROT_READ|PROT_EXEC, MAP_PRIVATE|MAP_FIXED|MAP_DENYWRITE, 3, 0x22000) = 0x7fdf06042000
mmap(0x7fdf060a3000, 299008, PROT_READ, MAP_PRIVATE|MAP_FIXED|MAP_DENYWRITE, 3, 0x83000) = 0x7fdf060a3000
mmap(0x7fdf060ed000, 65536, PROT_READ|PROT_WRITE, MAP_PRIVATE|MAP_FIXED|MAP_DENYWRITE, 3, 0xcc000) = 0x7fdf060ed000
close(3)                                = 0
openat(AT_FDCWD, "/lib/x86_64-linux-gnu/libk5crypto.so.3", O_RDONLY|O_CLOEXEC) = 3
read(3, "\177ELF\2\1\1\0\0\0\0\0\0\0\0\0\3\0>\0\1\0\0\0\240D\0\0\0\0\0\0"..., 832) = 832
fstat(3, {st_mode=S_IFREG|0644, st_size=191040, ...}) = 0
mmap(NULL, 8192, PROT_READ|PROT_WRITE, MAP_PRIVATE|MAP_ANONYMOUS, -1, 0) = 0x7fdf06010000
mmap(NULL, 196696, PROT_READ, MAP_PRIVATE|MAP_DENYWRITE, 3, 0) = 0x7fdf05fd0000
mprotect(0x7fdf05fd4000, 172032, PROT_NONE) = 0
mmap(0x7fdf05fd4000, 114688, PROT_READ|PROT_EXEC, MAP_PRIVATE|MAP_FIXED|MAP_DENYWRITE, 3, 0x4000) = 0x7fdf05fd4000
mmap(0x7fdf05ff0000, 53248, PROT_READ, MAP_PRIVATE|MAP_FIXED|MAP_DENYWRITE, 3, 0x20000) = 0x7fdf05ff0000
mmap(0x7fdf05ffe000, 8192, PROT_READ|PROT_WRITE, MAP_PRIVATE|MAP_FIXED|MAP_DENYWRITE, 3, 0x2d000) = 0x7fdf05ffe000
mmap(0x7fdf06000000, 88, PROT_READ|PROT_WRITE, MAP_PRIVATE|MAP_FIXED|MAP_ANONYMOUS, -1, 0) = 0x7fdf06000000
close(3)                                = 0
openat(AT_FDCWD, "/lib/x86_64-linux-gnu/libcom_err.so.2", O_RDONLY|O_CLOEXEC) = 3
read(3, "\177ELF\2\1\1\0\0\0\0\0\0\0\0\0\3\0>\0\1\0\0\0\200$\0\0\0\0\0\0"..., 832) = 832
fstat(3, {st_mode=S_IFREG|0644, st_size=22600, ...}) = 0
mmap(NULL, 24744, PROT_READ, MAP_PRIVATE|MAP_DENYWRITE, 3, 0) = 0x7fdf05fc0000
mmap(0x7fdf05fc2000, 8192, PROT_READ|PROT_EXEC, MAP_PRIVATE|MAP_FIXED|MAP_DENYWRITE, 3, 0x2000) = 0x7fdf05fc2000
mmap(0x7fdf05fc4000, 4096, PROT_READ, MAP_PRIVATE|MAP_FIXED|MAP_DENYWRITE, 3, 0x4000) = 0x7fdf05fc4000
mmap(0x7fdf05fc5000, 8192, PROT_READ|PROT_WRITE, MAP_PRIVATE|MAP_FIXED|MAP_DENYWRITE, 3, 0x4000) = 0x7fdf05fc5000
close(3)                                = 0
openat(AT_FDCWD, "/lib/x86_64-linux-gnu/libkrb5support.so.0", O_RDONLY|O_CLOEXEC) = 3
read(3, "\177ELF\2\1\1\0\0\0\0\0\0\0\0\0\3\0>\0\1\0\0\0\3605\0\0\0\0\0\0"..., 832) = 832
fstat(3, {st_mode=S_IFREG|0644, st_size=56096, ...}) = 0
mmap(NULL, 58344, PROT_READ, MAP_PRIVATE|MAP_DENYWRITE, 3, 0) = 0x7fdf05fb0000
mmap(0x7fdf05fb3000, 28672, PROT_READ|PROT_EXEC, MAP_PRIVATE|MAP_FIXED|MAP_DENYWRITE, 3, 0x3000) = 0x7fdf05fb3000
mmap(0x7fdf05fba000, 12288, PROT_READ, MAP_PRIVATE|MAP_FIXED|MAP_DENYWRITE, 3, 0xa000) = 0x7fdf05fba000
mmap(0x7fdf05fbd000, 8192, PROT_READ|PROT_WRITE, MAP_PRIVATE|MAP_FIXED|MAP_DENYWRITE, 3, 0xc000) = 0x7fdf05fbd000
close(3)                                = 0
openat(AT_FDCWD, "/lib/x86_64-linux-gnu/libresolv.so.2", O_RDONLY|O_CLOEXEC) = 3
read(3, "\177ELF\2\1\1\0\0\0\0\0\0\0\0\0\3\0>\0\1\0\0\0 G\0\0\0\0\0\0"..., 832) = 832
fstat(3, {st_mode=S_IFREG|0644, st_size=101320, ...}) = 0
mmap(NULL, 113280, PROT_READ, MAP_PRIVATE|MAP_DENYWRITE, 3, 0) = 0x7fdf05f90000
mprotect(0x7fdf05f94000, 81920, PROT_NONE) = 0
mmap(0x7fdf05f94000, 65536, PROT_READ|PROT_EXEC, MAP_PRIVATE|MAP_FIXED|MAP_DENYWRITE, 3, 0x4000) = 0x7fdf05f94000
mmap(0x7fdf05fa4000, 12288, PROT_READ, MAP_PRIVATE|MAP_FIXED|MAP_DENYWRITE, 3, 0x14000) = 0x7fdf05fa4000
mmap(0x7fdf05fa8000, 8192, PROT_READ|PROT_WRITE, MAP_PRIVATE|MAP_FIXED|MAP_DENYWRITE, 3, 0x17000) = 0x7fdf05fa8000
mmap(0x7fdf05faa000, 6784, PROT_READ|PROT_WRITE, MAP_PRIVATE|MAP_FIXED|MAP_ANONYMOUS, -1, 0) = 0x7fdf05faa000
close(3)                                = 0
openat(AT_FDCWD, "/lib/x86_64-linux-gnu/libsasl2.so.2", O_RDONLY|O_CLOEXEC) = 3
read(3, "\177ELF\2\1\1\0\0\0\0\0\0\0\0\0\3\0>\0\1\0\0\0\2008\0\0\0\0\0\0"..., 832) = 832
fstat(3, {st_mode=S_IFREG|0644, st_size=113552, ...}) = 0
mmap(NULL, 115688, PROT_READ, MAP_PRIVATE|MAP_DENYWRITE, 3, 0) = 0x7fdf05f70000
mmap(0x7fdf05f73000, 73728, PROT_READ|PROT_EXEC, MAP_PRIVATE|MAP_FIXED|MAP_DENYWRITE, 3, 0x3000) = 0x7fdf05f73000
mmap(0x7fdf05f85000, 24576, PROT_READ, MAP_PRIVATE|MAP_FIXED|MAP_DENYWRITE, 3, 0x15000) = 0x7fdf05f85000
mmap(0x7fdf05f8b000, 8192, PROT_READ|PROT_WRITE, MAP_PRIVATE|MAP_FIXED|MAP_DENYWRITE, 3, 0x1a000) = 0x7fdf05f8b000
close(3)                                = 0
openat(AT_FDCWD, "/lib/x86_64-linux-gnu/libgssapi.so.3", O_RDONLY|O_CLOEXEC) = 3
read(3, "\177ELF\2\1\1\0\0\0\0\0\0\0\0\0\3\0>\0\1\0\0\0 \367\0\0\0\0\0\0"..., 832) = 832
fstat(3, {st_mode=S_IFREG|0644, st_size=278160, ...}) = 0
mmap(NULL, 280472, PROT_READ, MAP_PRIVATE|MAP_DENYWRITE, 3, 0) = 0x7fdf05f20000
mmap(0x7fdf05f2d000, 167936, PROT_READ|PROT_EXEC, MAP_PRIVATE|MAP_FIXED|MAP_DENYWRITE, 3, 0xd000) = 0x7fdf05f2d000
mmap(0x7fdf05f56000, 45056, PROT_READ, MAP_PRIVATE|MAP_FIXED|MAP_DENYWRITE, 3, 0x36000) = 0x7fdf05f56000
mmap(0x7fdf05f61000, 16384, PROT_READ|PROT_WRITE, MAP_PRIVATE|MAP_FIXED|MAP_DENYWRITE, 3, 0x40000) = 0x7fdf05f61000
close(3)                                = 0
openat(AT_FDCWD, "/lib/x86_64-linux-gnu/libbrotlicommon.so.1", O_RDONLY|O_CLOEXEC) = 3
read(3, "\177ELF\2\1\1\0\0\0\0\0\0\0\0\0\3\0>\0\1\0\0\0@\20\0\0\0\0\0\0"..., 832) = 832
fstat(3, {st_mode=S_IFREG|0644, st_size=137448, ...}) = 0
mmap(NULL, 139592, PROT_READ, MAP_PRIVATE|MAP_DENYWRITE, 3, 0) = 0x7fdf05ef0000
mmap(0x7fdf05ef1000, 4096, PROT_READ|PROT_EXEC, MAP_PRIVATE|MAP_FIXED|MAP_DENYWRITE, 3, 0x1000) = 0x7fdf05ef1000
mmap(0x7fdf05ef2000, 126976, PROT_READ, MAP_PRIVATE|MAP_FIXED|MAP_DENYWRITE, 3, 0x2000) = 0x7fdf05ef2000
mmap(0x7fdf05f11000, 8192, PROT_READ|PROT_WRITE, MAP_PRIVATE|MAP_FIXED|MAP_DENYWRITE, 3, 0x20000) = 0x7fdf05f11000
close(3)                                = 0
mmap(NULL, 8192, PROT_READ|PROT_WRITE, MAP_PRIVATE|MAP_ANONYMOUS, -1, 0) = 0x7fdf05ee0000
openat(AT_FDCWD, "/lib/x86_64-linux-gnu/libp11-kit.so.0", O_RDONLY|O_CLOEXEC) = 3
read(3, "\177ELF\2\1\1\0\0\0\0\0\0\0\0\0\3\0>\0\1\0\0\0\340\273\2\0\0\0\0\0"..., 832) = 832
fstat(3, {st_mode=S_IFREG|0644, st_size=1265624, ...}) = 0
mmap(NULL, 1268992, PROT_READ, MAP_PRIVATE|MAP_DENYWRITE, 3, 0) = 0x7fdf05da0000
mmap(0x7fdf05dcb000, 630784, PROT_READ|PROT_EXEC, MAP_PRIVATE|MAP_FIXED|MAP_DENYWRITE, 3, 0x2b000) = 0x7fdf05dcb000
mmap(0x7fdf05e65000, 376832, PROT_READ, MAP_PRIVATE|MAP_FIXED|MAP_DENYWRITE, 3, 0xc5000) = 0x7fdf05e65000
mmap(0x7fdf05ec1000, 86016, PROT_READ|PROT_WRITE, MAP_PRIVATE|MAP_FIXED|MAP_DENYWRITE, 3, 0x120000) = 0x7fdf05ec1000
close(3)                                = 0
openat(AT_FDCWD, "/lib/x86_64-linux-gnu/libtasn1.so.6", O_RDONLY|O_CLOEXEC) = 3
read(3, "\177ELF\2\1\1\0\0\0\0\0\0\0\0\0\3\0>\0\1\0\0\0\2404\0\0\0\0\0\0"..., 832) = 832
fstat(3, {st_mode=S_IFREG|0644, st_size=84120, ...}) = 0
mmap(NULL, 86568, PROT_READ, MAP_PRIVATE|MAP_DENYWRITE, 3, 0) = 0x7fdf05d80000
mprotect(0x7fdf05d83000, 69632, PROT_NONE) = 0
mmap(0x7fdf05d83000, 49152, PROT_READ|PROT_EXEC, MAP_PRIVATE|MAP_FIXED|MAP_DENYWRITE, 3, 0x3000) = 0x7fdf05d83000
mmap(0x7fdf05d8f000, 16384, PROT_READ, MAP_PRIVATE|MAP_FIXED|MAP_DENYWRITE, 3, 0xf000) = 0x7fdf05d8f000
mmap(0x7fdf05d94000, 8192, PROT_READ|PROT_WRITE, MAP_PRIVATE|MAP_FIXED|MAP_DENYWRITE, 3, 0x13000) = 0x7fdf05d94000
close(3)                                = 0
openat(AT_FDCWD, "/lib/x86_64-linux-gnu/libkeyutils.so.1", O_RDONLY|O_CLOEXEC) = 3
read(3, "\177ELF\2\1\1\0\0\0\0\0\0\0\0\0\3\0>\0\1\0\0\0@\"\0\0\0\0\0\0"..., 832) = 832
fstat(3, {st_mode=S_IFREG|0644, st_size=22600, ...}) = 0
mmap(NULL, 24592, PROT_READ, MAP_PRIVATE|MAP_DENYWRITE, 3, 0) = 0x7fdf05d70000
mmap(0x7fdf05d72000, 8192, PROT_READ|PROT_EXEC, MAP_PRIVATE|MAP_FIXED|MAP_DENYWRITE, 3, 0x2000) = 0x7fdf05d72000
mmap(0x7fdf05d74000, 4096, PROT_READ, MAP_PRIVATE|MAP_FIXED|MAP_DENYWRITE, 3, 0x4000) = 0x7fdf05d74000
mmap(0x7fdf05d75000, 8192, PROT_READ|PROT_WRITE, MAP_PRIVATE|MAP_FIXED|MAP_DENYWRITE, 3, 0x4000) = 0x7fdf05d75000
close(3)                                = 0
openat(AT_FDCWD, "/lib/x86_64-linux-gnu/libheimntlm.so.0", O_RDONLY|O_CLOEXEC) = 3
read(3, "\177ELF\2\1\1\0\0\0\0\0\0\0\0\0\3\0>\0\1\0\0\0`6\0\0\0\0\0\0"..., 832) = 832
fstat(3, {st_mode=S_IFREG|0644, st_size=43712, ...}) = 0
mmap(NULL, 45648, PROT_READ, MAP_PRIVATE|MAP_DENYWRITE, 3, 0) = 0x7fdf05d60000
mprotect(0x7fdf05d63000, 28672, PROT_NONE) = 0
mmap(0x7fdf05d63000, 16384, PROT_READ|PROT_EXEC, MAP_PRIVATE|MAP_FIXED|MAP_DENYWRITE, 3, 0x3000) = 0x7fdf05d63000
mmap(0x7fdf05d67000, 8192, PROT_READ, MAP_PRIVATE|MAP_FIXED|MAP_DENYWRITE, 3, 0x7000) = 0x7fdf05d67000
mmap(0x7fdf05d6a000, 8192, PROT_READ|PROT_WRITE, MAP_PRIVATE|MAP_FIXED|MAP_DENYWRITE, 3, 0x9000) = 0x7fdf05d6a000
close(3)                                = 0
openat(AT_FDCWD, "/lib/x86_64-linux-gnu/libkrb5.so.26", O_RDONLY|O_CLOEXEC) = 3
read(3, "\177ELF\2\1\1\0\0\0\0\0\0\0\0\0\3\0>\0\1\0\0\0\360\363\1\0\0\0\0\0"..., 832) = 832
fstat(3, {st_mode=S_IFREG|0644, st_size=594104, ...}) = 0
mmap(NULL, 598928, PROT_READ, MAP_PRIVATE|MAP_DENYWRITE, 3, 0) = 0x7fdf05cc0000
mmap(0x7fdf05cdb000, 331776, PROT_READ|PROT_EXEC, MAP_PRIVATE|MAP_FIXED|MAP_DENYWRITE, 3, 0x1b000) = 0x7fdf05cdb000
mmap(0x7fdf05d2c000, 131072, PROT_READ, MAP_PRIVATE|MAP_FIXED|MAP_DENYWRITE, 3, 0x6c000) = 0x7fdf05d2c000
mmap(0x7fdf05d4c000, 24576, PROT_READ|PROT_WRITE, MAP_PRIVATE|MAP_FIXED|MAP_DENYWRITE, 3, 0x8b000) = 0x7fdf05d4c000
mmap(0x7fdf05d52000, 912, PROT_READ|PROT_WRITE, MAP_PRIVATE|MAP_FIXED|MAP_ANONYMOUS, -1, 0) = 0x7fdf05d52000
close(3)                                = 0
openat(AT_FDCWD, "/lib/x86_64-linux-gnu/libasn1.so.8", O_RDONLY|O_CLOEXEC) = 3
read(3, "\177ELF\2\1\1\0\0\0\0\0\0\0\0\0\3\0>\0\1\0\0\0`\243\1\0\0\0\0\0"..., 832) = 832
fstat(3, {st_mode=S_IFREG|0644, st_size=678240, ...}) = 0
mmap(NULL, 8192, PROT_READ|PROT_WRITE, MAP_PRIVATE|MAP_ANONYMOUS, -1, 0) = 0x7fdf05cb0000
mmap(NULL, 680176, PROT_READ, MAP_PRIVATE|MAP_DENYWRITE, 3, 0) = 0x7fdf05c00000
mprotect(0x7fdf05c1a000, 561152, PROT_NONE) = 0
mmap(0x7fdf05c1a000, 438272, PROT_READ|PROT_EXEC, MAP_PRIVATE|MAP_FIXED|MAP_DENYWRITE, 3, 0x1a000) = 0x7fdf05c1a000
mmap(0x7fdf05c85000, 118784, PROT_READ, MAP_PRIVATE|MAP_FIXED|MAP_DENYWRITE, 3, 0x85000) = 0x7fdf05c85000
mmap(0x7fdf05ca3000, 16384, PROT_READ|PROT_WRITE, MAP_PRIVATE|MAP_FIXED|MAP_DENYWRITE, 3, 0xa2000) = 0x7fdf05ca3000
close(3)                                = 0
openat(AT_FDCWD, "/lib/x86_64-linux-gnu/libhcrypto.so.4", O_RDONLY|O_CLOEXEC) = 3
read(3, "\177ELF\2\1\1\0\0\0\0\0\0\0\0\0\3\0>\0\1\0\0\0 z\0\0\0\0\0\0"..., 832) = 832
fstat(3, {st_mode=S_IFREG|0644, st_size=221816, ...}) = 0
mmap(NULL, 227944, PROT_READ, MAP_PRIVATE|MAP_DENYWRITE, 3, 0) = 0x7fdf05bc0000
mmap(0x7fdf05bc7000, 126976, PROT_READ|PROT_EXEC, MAP_PRIVATE|MAP_FIXED|MAP_DENYWRITE, 3, 0x7000) = 0x7fdf05bc7000
mmap(0x7fdf05be6000, 57344, PROT_READ, MAP_PRIVATE|MAP_FIXED|MAP_DENYWRITE, 3, 0x26000) = 0x7fdf05be6000
mmap(0x7fdf05bf4000, 12288, PROT_READ|PROT_WRITE, MAP_PRIVATE|MAP_FIXED|MAP_DENYWRITE, 3, 0x33000) = 0x7fdf05bf4000
mmap(0x7fdf05bf7000, 2664, PROT_READ|PROT_WRITE, MAP_PRIVATE|MAP_FIXED|MAP_ANONYMOUS, -1, 0) = 0x7fdf05bf7000
close(3)                                = 0
openat(AT_FDCWD, "/lib/x86_64-linux-gnu/libroken.so.18", O_RDONLY|O_CLOEXEC) = 3
read(3, "\177ELF\2\1\1\0\0\0\0\0\0\0\0\0\3\0>\0\1\0\0\0\200`\0\0\0\0\0\0"..., 832) = 832
fstat(3, {st_mode=S_IFREG|0644, st_size=97024, ...}) = 0
mmap(NULL, 99376, PROT_READ, MAP_PRIVATE|MAP_DENYWRITE, 3, 0) = 0x7fdf05ba0000
mprotect(0x7fdf05ba5000, 73728, PROT_NONE) = 0
mmap(0x7fdf05ba5000, 53248, PROT_READ|PROT_EXEC, MAP_PRIVATE|MAP_FIXED|MAP_DENYWRITE, 3, 0x5000) = 0x7fdf05ba5000
mmap(0x7fdf05bb2000, 16384, PROT_READ, MAP_PRIVATE|MAP_FIXED|MAP_DENYWRITE, 3, 0x12000) = 0x7fdf05bb2000
mmap(0x7fdf05bb7000, 8192, PROT_READ|PROT_WRITE, MAP_PRIVATE|MAP_FIXED|MAP_DENYWRITE, 3, 0x16000) = 0x7fdf05bb7000
close(3)                                = 0
openat(AT_FDCWD, "/lib/x86_64-linux-gnu/libffi.so.7", O_RDONLY|O_CLOEXEC) = 3
read(3, "\177ELF\2\1\1\0\0\0\0\0\0\0\0\0\3\0>\0\1\0\0\0000\"\0\0\0\0\0\0"..., 832) = 832
fstat(3, {st_mode=S_IFREG|0644, st_size=43416, ...}) = 0
mmap(NULL, 46632, PROT_READ, MAP_PRIVATE|MAP_DENYWRITE, 3, 0) = 0x7fdf05b90000
mprotect(0x7fdf05b92000, 32768, PROT_NONE) = 0
mmap(0x7fdf05b92000, 24576, PROT_READ|PROT_EXEC, MAP_PRIVATE|MAP_FIXED|MAP_DENYWRITE, 3, 0x2000) = 0x7fdf05b92000
mmap(0x7fdf05b98000, 4096, PROT_READ, MAP_PRIVATE|MAP_FIXED|MAP_DENYWRITE, 3, 0x8000) = 0x7fdf05b98000
mmap(0x7fdf05b9a000, 8192, PROT_READ|PROT_WRITE, MAP_PRIVATE|MAP_FIXED|MAP_DENYWRITE, 3, 0x9000) = 0x7fdf05b9a000
close(3)                                = 0
openat(AT_FDCWD, "/lib/x86_64-linux-gnu/libwind.so.0", O_RDONLY|O_CLOEXEC) = 3
read(3, "\177ELF\2\1\1\0\0\0\0\0\0\0\0\0\3\0>\0\1\0\0\0\200\21\0\0\0\0\0\0"..., 832) = 832
fstat(3, {st_mode=S_IFREG|0644, st_size=166040, ...}) = 0
mmap(NULL, 167984, PROT_READ, MAP_PRIVATE|MAP_DENYWRITE, 3, 0) = 0x7fdf05b60000
mmap(0x7fdf05b61000, 8192, PROT_READ|PROT_EXEC, MAP_PRIVATE|MAP_FIXED|MAP_DENYWRITE, 3, 0x1000) = 0x7fdf05b61000
mmap(0x7fdf05b63000, 151552, PROT_READ, MAP_PRIVATE|MAP_FIXED|MAP_DENYWRITE, 3, 0x3000) = 0x7fdf05b63000
mmap(0x7fdf05b88000, 8192, PROT_READ|PROT_WRITE, MAP_PRIVATE|MAP_FIXED|MAP_DENYWRITE, 3, 0x27000) = 0x7fdf05b88000
close(3)                                = 0
openat(AT_FDCWD, "/lib/x86_64-linux-gnu/libheimbase.so.1", O_RDONLY|O_CLOEXEC) = 3
read(3, "\177ELF\2\1\1\0\0\0\0\0\0\0\0\0\3\0>\0\1\0\0\0\3605\0\0\0\0\0\0"..., 832) = 832
fstat(3, {st_mode=S_IFREG|0644, st_size=68752, ...}) = 0
mmap(NULL, 8192, PROT_READ|PROT_WRITE, MAP_PRIVATE|MAP_ANONYMOUS, -1, 0) = 0x7fdf05b50000
mmap(NULL, 71896, PROT_READ, MAP_PRIVATE|MAP_DENYWRITE, 3, 0) = 0x7fdf05b30000
mmap(0x7fdf05b33000, 36864, PROT_READ|PROT_EXEC, MAP_PRIVATE|MAP_FIXED|MAP_DENYWRITE, 3, 0x3000) = 0x7fdf05b33000
mmap(0x7fdf05b3c000, 16384, PROT_READ, MAP_PRIVATE|MAP_FIXED|MAP_DENYWRITE, 3, 0xc000) = 0x7fdf05b3c000
mmap(0x7fdf05b40000, 8192, PROT_READ|PROT_WRITE, MAP_PRIVATE|MAP_FIXED|MAP_DENYWRITE, 3, 0xf000) = 0x7fdf05b40000
close(3)                                = 0
openat(AT_FDCWD, "/lib/x86_64-linux-gnu/libhx509.so.5", O_RDONLY|O_CLOEXEC) = 3
read(3, "\177ELF\2\1\1\0\0\0\0\0\0\0\0\0\3\0>\0\1\0\0\0\340/\1\0\0\0\0\0"..., 832) = 832
fstat(3, {st_mode=S_IFREG|0644, st_size=313336, ...}) = 0
mmap(NULL, 316456, PROT_READ, MAP_PRIVATE|MAP_DENYWRITE, 3, 0) = 0x7fdf05ae0000
mmap(0x7fdf05af0000, 167936, PROT_READ|PROT_EXEC, MAP_PRIVATE|MAP_FIXED|MAP_DENYWRITE, 3, 0x10000) = 0x7fdf05af0000
mmap(0x7fdf05b19000, 65536, PROT_READ, MAP_PRIVATE|MAP_FIXED|MAP_DENYWRITE, 3, 0x39000) = 0x7fdf05b19000
mmap(0x7fdf05b29000, 16384, PROT_READ|PROT_WRITE, MAP_PRIVATE|MAP_FIXED|MAP_DENYWRITE, 3, 0x48000) = 0x7fdf05b29000
mmap(0x7fdf05b2d000, 1064, PROT_READ|PROT_WRITE, MAP_PRIVATE|MAP_FIXED|MAP_ANONYMOUS, -1, 0) = 0x7fdf05b2d000
close(3)                                = 0
openat(AT_FDCWD, "/lib/x86_64-linux-gnu/libsqlite3.so.0", O_RDONLY|O_CLOEXEC) = 3
read(3, "\177ELF\2\1\1\0\0\0\0\0\0\0\0\0\3\0>\0\1\0\0\0\0\346\0\0\0\0\0\0"..., 832) = 832
fstat(3, {st_mode=S_IFREG|0644, st_size=1212216, ...}) = 0
mmap(NULL, 1216056, PROT_READ, MAP_PRIVATE|MAP_DENYWRITE, 3, 0) = 0x7fdf059b0000
mprotect(0x7fdf059be000, 1134592, PROT_NONE) = 0
mmap(0x7fdf059be000, 917504, PROT_READ|PROT_EXEC, MAP_PRIVATE|MAP_FIXED|MAP_DENYWRITE, 3, 0xe000) = 0x7fdf059be000
mmap(0x7fdf05a9e000, 212992, PROT_READ, MAP_PRIVATE|MAP_FIXED|MAP_DENYWRITE, 3, 0xee000) = 0x7fdf05a9e000
mmap(0x7fdf05ad3000, 24576, PROT_READ|PROT_WRITE, MAP_PRIVATE|MAP_FIXED|MAP_DENYWRITE, 3, 0x122000) = 0x7fdf05ad3000
close(3)                                = 0
openat(AT_FDCWD, "/lib/x86_64-linux-gnu/libcrypt.so.1", O_RDONLY|O_CLOEXEC) = 3
read(3, "\177ELF\2\1\1\0\0\0\0\0\0\0\0\0\3\0>\0\1\0\0\0@ \0\0\0\0\0\0"..., 832) = 832
fstat(3, {st_mode=S_IFREG|0644, st_size=202760, ...}) = 0
mmap(NULL, 238280, PROT_READ, MAP_PRIVATE|MAP_DENYWRITE, 3, 0) = 0x7fdf05970000
mmap(0x7fdf05972000, 86016, PROT_READ|PROT_EXEC, MAP_PRIVATE|MAP_FIXED|MAP_DENYWRITE, 3, 0x2000) = 0x7fdf05972000
mmap(0x7fdf05987000, 106496, PROT_READ, MAP_PRIVATE|MAP_FIXED|MAP_DENYWRITE, 3, 0x17000) = 0x7fdf05987000
mmap(0x7fdf059a1000, 8192, PROT_READ|PROT_WRITE, MAP_PRIVATE|MAP_FIXED|MAP_DENYWRITE, 3, 0x30000) = 0x7fdf059a1000
mmap(0x7fdf059a3000, 29384, PROT_READ|PROT_WRITE, MAP_PRIVATE|MAP_FIXED|MAP_ANONYMOUS, -1, 0) = 0x7fdf059a3000
close(3)                                = 0
openat(AT_FDCWD, "/lib/x86_64-linux-gnu/libm.so.6", O_RDONLY|O_CLOEXEC) = 3
read(3, "\177ELF\2\1\1\3\0\0\0\0\0\0\0\0\3\0>\0\1\0\0\0\300\363\0\0\0\0\0\0"..., 832) = 832
fstat(3, {st_mode=S_IFREG|0644, st_size=1369352, ...}) = 0
mmap(NULL, 1368336, PROT_READ, MAP_PRIVATE|MAP_DENYWRITE, 3, 0) = 0x7fdf05821000
mmap(0x7fdf05830000, 684032, PROT_READ|PROT_EXEC, MAP_PRIVATE|MAP_FIXED|MAP_DENYWRITE, 3, 0xf000) = 0x7fdf05830000
mmap(0x7fdf058d7000, 618496, PROT_READ, MAP_PRIVATE|MAP_FIXED|MAP_DENYWRITE, 3, 0xb6000) = 0x7fdf058d7000
mmap(0x7fdf0596e000, 8192, PROT_READ|PROT_WRITE, MAP_PRIVATE|MAP_FIXED|MAP_DENYWRITE, 3, 0x14c000) = 0x7fdf0596e000
close(3)                                = 0
mmap(NULL, 8192, PROT_READ|PROT_WRITE, MAP_PRIVATE|MAP_ANONYMOUS, -1, 0) = 0x7fdf05810000
mmap(NULL, 8192, PROT_READ|PROT_WRITE, MAP_PRIVATE|MAP_ANONYMOUS, -1, 0) = 0x7fdf05800000
mmap(NULL, 8192, PROT_READ|PROT_WRITE, MAP_PRIVATE|MAP_ANONYMOUS, -1, 0) = 0x7fdf057f0000
arch_prctl(ARCH_SET_FS, 0x7fdf057f0e00) = 0
mprotect(0x7fdf06d18000, 12288, PROT_READ) = 0
mprotect(0x7fdf0596e000, 4096, PROT_READ) = 0
mprotect(0x7fdf059a1000, 4096, PROT_READ) = 0
mprotect(0x7fdf06d4a000, 4096, PROT_READ) = 0
mprotect(0x7fdf06104000, 4096, PROT_READ) = 0
mprotect(0x7fdf05ad3000, 12288, PROT_READ) = 0
mprotect(0x7fdf05fc5000, 4096, PROT_READ) = 0
mprotect(0x7fdf05fa8000, 4096, PROT_READ) = 0
mprotect(0x7fdf05bb7000, 4096, PROT_READ) = 0
mprotect(0x7fdf05ca3000, 4096, PROT_READ) = 0
mprotect(0x7fdf05b40000, 4096, PROT_READ) = 0
mprotect(0x7fdf05bf4000, 8192, PROT_READ) = 0
mprotect(0x7fdf05b88000, 4096, PROT_READ) = 0
mprotect(0x7fdf05b29000, 12288, PROT_READ) = 0
mprotect(0x7fdf05b9a000, 4096, PROT_READ) = 0
mprotect(0x7fdf05d4c000, 16384, PROT_READ) = 0
mprotect(0x7fdf05d6a000, 4096, PROT_READ) = 0
mprotect(0x7fdf05d75000, 4096, PROT_READ) = 0
mprotect(0x7fdf05d94000, 4096, PROT_READ) = 0
mprotect(0x7fdf05ec1000, 45056, PROT_READ) = 0
mprotect(0x7fdf05f11000, 4096, PROT_READ) = 0
mprotect(0x7fdf05f61000, 8192, PROT_READ) = 0
mprotect(0x7fdf05f8b000, 4096, PROT_READ) = 0
mprotect(0x7fdf05fbd000, 4096, PROT_READ) = 0
mprotect(0x7fdf05ffe000, 4096, PROT_READ) = 0
mprotect(0x7fdf060ed000, 57344, PROT_READ) = 0
mprotect(0x7fdf06192000, 4096, PROT_READ) = 0
mprotect(0x7fdf061d7000, 8192, PROT_READ) = 0
mprotect(0x7fdf06216000, 4096, PROT_READ) = 0
mprotect(0x7fdf0658e000, 12288, PROT_READ) = 0
mprotect(0x7fdf06aef000, 4096, PROT_READ) = 0
mprotect(0x7fdf063f3000, 61440, PROT_READ) = 0
mprotect(0x7fdf065ad000, 4096, PROT_READ) = 0
mprotect(0x7fdf065bf000, 4096, PROT_READ) = 0
mprotect(0x7fdf06621000, 8192, PROT_READ) = 0
mprotect(0x7fdf06689000, 8192, PROT_READ) = 0
mprotect(0x7fdf06934000, 180224, PROT_READ) = 0
mprotect(0x7fdf069f6000, 36864, PROT_READ) = 0
mprotect(0x7fdf06a21000, 4096, PROT_READ) = 0
mprotect(0x7fdf06d6a000, 4096, PROT_READ) = 0
mprotect(0x7fdf06a9a000, 8192, PROT_READ) = 0
mprotect(0x7fdf06abe000, 4096, PROT_READ) = 0
mprotect(0x7fdf06b25000, 12288, PROT_READ) = 0
mprotect(0x7fdf06dfc000, 16384, PROT_READ) = 0
mprotect(0x7fdf06e88000, 16384, PROT_READ) = 0
mprotect(0x7fdf06e4d000, 4096, PROT_READ) = 0
munmap(0x7fdf06e17000, 32930)           = 0
set_tid_address(0x7fdf057f10d0)         = 856
set_robust_list(0x7fdf057f10e0, 24)     = 0
rt_sigaction(SIGRTMIN, {sa_handler=0x7fdf06d34bf0, sa_mask=[], sa_flags=SA_RESTORER|SA_SIGINFO, sa_restorer=0x7fdf06d423c0}, NULL, 8) = 0
rt_sigaction(SIGRT_1, {sa_handler=0x7fdf06d34c90, sa_mask=[], sa_flags=SA_RESTORER|SA_RESTART|SA_SIGINFO, sa_restorer=0x7fdf06d423c0}, NULL, 8) = 0
rt_sigprocmask(SIG_UNBLOCK, [RTMIN RT_1], NULL, 8) = 0
prlimit64(0, RLIMIT_STACK, NULL, {rlim_cur=8192*1024, rlim_max=8192*1024}) = 0
brk(NULL)                               = 0x7fffb926e000
brk(0x7fffb928f000)                     = 0x7fffb928f000
getrandom("\x6f", 1, GRND_NONBLOCK)     = 1
stat("/etc/gnutls/config", 0x7fffc02a24c0) = -1 ENOENT (No such file or directory)
pipe([3, 4])                            = 0
close(3)                                = 0
close(4)                                = 0
rt_sigaction(SIGPIPE, {sa_handler=SIG_IGN, sa_mask=[PIPE], sa_flags=SA_RESTORER|SA_RESTART, sa_restorer=0x7fdf06b76210}, {sa_handler=SIG_DFL, sa_mask=[], sa_flags=SA_RESTORER, sa_restorer=0x7f140c0c6210}, 8) = 0
futex(0x7fdf06964818, FUTEX_WAKE_PRIVATE, 2147483647) = 0
futex(0x7fdf0696480c, FUTEX_WAKE_PRIVATE, 2147483647) = 0
futex(0x7fdf06964804, FUTEX_WAKE_PRIVATE, 2147483647) = 0
futex(0x7fdf06961c5c, FUTEX_WAKE_PRIVATE, 2147483647) = 0
futex(0x7fdf069646c4, FUTEX_WAKE_PRIVATE, 2147483647) = 0
futex(0x7fdf0696465c, FUTEX_WAKE_PRIVATE, 2147483647) = 0
futex(0x7fdf06964650, FUTEX_WAKE_PRIVATE, 2147483647) = 0
brk(0x7fffb92b0000)                     = 0x7fffb92b0000
futex(0x7fdf069647fc, FUTEX_WAKE_PRIVATE, 2147483647) = 0
futex(0x7fdf069647b8, FUTEX_WAKE_PRIVATE, 2147483647) = 0
futex(0x7fdf069647b0, FUTEX_WAKE_PRIVATE, 2147483647) = 0
openat(AT_FDCWD, "/usr/lib/ssl/openssl.cnf", O_RDONLY) = 3
fstat(3, {st_mode=S_IFREG|0644, st_size=10909, ...}) = 0
read(3, "#\n# OpenSSL example configuratio"..., 4096) = 4096
read(3, "# WARNING: ancient versions of N"..., 4096) = 4096
read(3, "es of the usage of nsCertType. I"..., 4096) = 2717
read(3, "", 4096)                       = 0
close(3)                                = 0
socket(AF_INET6, SOCK_DGRAM, IPPROTO_IP) = 3
close(3)                                = 0
openat(AT_FDCWD, "/usr/lib/locale/locale-archive", O_RDONLY|O_CLOEXEC) = 3
fstat(3, {st_mode=S_IFREG|0644, st_size=3035952, ...}) = 0
mmap(NULL, 3035952, PROT_READ, MAP_PRIVATE, 3, 0) = 0x7fdf0550a000
close(3)                                = 0
openat(AT_FDCWD, "/usr/share/locale/locale.alias", O_RDONLY|O_CLOEXEC) = 3
fstat(3, {st_mode=S_IFREG|0644, st_size=2996, ...}) = 0
read(3, "# Locale name alias data base.\n#"..., 4096) = 2996
read(3, "", 4096)                       = 0
close(3)                                = 0
openat(AT_FDCWD, "/usr/lib/locale/C.UTF-8/LC_IDENTIFICATION", O_RDONLY|O_CLOEXEC) = 3
fstat(3, {st_mode=S_IFREG|0644, st_size=252, ...}) = 0
mmap(NULL, 252, PROT_READ, MAP_PRIVATE, 3, 0) = 0x7fdf06e50000
close(3)                                = 0
openat(AT_FDCWD, "/usr/lib/x86_64-linux-gnu/gconv/gconv-modules.cache", O_RDONLY) = 3
fstat(3, {st_mode=S_IFREG|0644, st_size=27002, ...}) = 0
mmap(NULL, 27002, PROT_READ, MAP_SHARED, 3, 0) = 0x7fdf06e19000
close(3)                                = 0
futex(0x7fdf06d1d634, FUTEX_WAKE_PRIVATE, 2147483647) = 0
openat(AT_FDCWD, "/usr/lib/locale/C.UTF-8/LC_MEASUREMENT", O_RDONLY|O_CLOEXEC) = 3
fstat(3, {st_mode=S_IFREG|0644, st_size=23, ...}) = 0
mmap(NULL, 23, PROT_READ, MAP_PRIVATE, 3, 0) = 0x7fdf06e4c000
close(3)                                = 0
openat(AT_FDCWD, "/usr/lib/locale/C.UTF-8/LC_TELEPHONE", O_RDONLY|O_CLOEXEC) = 3
fstat(3, {st_mode=S_IFREG|0644, st_size=47, ...}) = 0
mmap(NULL, 47, PROT_READ, MAP_PRIVATE, 3, 0) = 0x7fdf06e18000
close(3)                                = 0
openat(AT_FDCWD, "/usr/lib/locale/C.UTF-8/LC_ADDRESS", O_RDONLY|O_CLOEXEC) = 3
fstat(3, {st_mode=S_IFREG|0644, st_size=131, ...}) = 0
mmap(NULL, 131, PROT_READ, MAP_PRIVATE, 3, 0) = 0x7fdf06e17000
close(3)                                = 0
openat(AT_FDCWD, "/usr/lib/locale/C.UTF-8/LC_NAME", O_RDONLY|O_CLOEXEC) = 3
fstat(3, {st_mode=S_IFREG|0644, st_size=62, ...}) = 0
mmap(NULL, 62, PROT_READ, MAP_PRIVATE, 3, 0) = 0x7fdf06e16000
close(3)                                = 0
openat(AT_FDCWD, "/usr/lib/locale/C.UTF-8/LC_PAPER", O_RDONLY|O_CLOEXEC) = 3
fstat(3, {st_mode=S_IFREG|0644, st_size=34, ...}) = 0
mmap(NULL, 34, PROT_READ, MAP_PRIVATE, 3, 0) = 0x7fdf06e15000
close(3)                                = 0
openat(AT_FDCWD, "/usr/lib/locale/C.UTF-8/LC_MESSAGES", O_RDONLY|O_CLOEXEC) = 3
fstat(3, {st_mode=S_IFDIR|0755, st_size=4096, ...}) = 0
close(3)                                = 0
openat(AT_FDCWD, "/usr/lib/locale/C.UTF-8/LC_MESSAGES/SYS_LC_MESSAGES", O_RDONLY|O_CLOEXEC) = 3
fstat(3, {st_mode=S_IFREG|0644, st_size=48, ...}) = 0
mmap(NULL, 48, PROT_READ, MAP_PRIVATE, 3, 0) = 0x7fdf06e14000
close(3)                                = 0
openat(AT_FDCWD, "/usr/lib/locale/C.UTF-8/LC_MONETARY", O_RDONLY|O_CLOEXEC) = 3
fstat(3, {st_mode=S_IFREG|0644, st_size=270, ...}) = 0
mmap(NULL, 270, PROT_READ, MAP_PRIVATE, 3, 0) = 0x7fdf06e13000
close(3)                                = 0
openat(AT_FDCWD, "/usr/lib/locale/C.UTF-8/LC_COLLATE", O_RDONLY|O_CLOEXEC) = 3
fstat(3, {st_mode=S_IFREG|0644, st_size=1518110, ...}) = 0
mmap(NULL, 1518110, PROT_READ, MAP_PRIVATE, 3, 0) = 0x7fdf05397000
close(3)                                = 0
openat(AT_FDCWD, "/usr/lib/locale/C.UTF-8/LC_TIME", O_RDONLY|O_CLOEXEC) = 3
fstat(3, {st_mode=S_IFREG|0644, st_size=3360, ...}) = 0
mmap(NULL, 3360, PROT_READ, MAP_PRIVATE, 3, 0) = 0x7fdf06e12000
close(3)                                = 0
openat(AT_FDCWD, "/usr/lib/locale/C.UTF-8/LC_NUMERIC", O_RDONLY|O_CLOEXEC) = 3
fstat(3, {st_mode=S_IFREG|0644, st_size=50, ...}) = 0
mmap(NULL, 50, PROT_READ, MAP_PRIVATE, 3, 0) = 0x7fdf06e0f000
close(3)                                = 0
openat(AT_FDCWD, "/usr/lib/locale/C.UTF-8/LC_CTYPE", O_RDONLY|O_CLOEXEC) = 3
fstat(3, {st_mode=S_IFREG|0644, st_size=201272, ...}) = 0
mmap(NULL, 201272, PROT_READ, MAP_PRIVATE, 3, 0) = 0x7fdf05365000
close(3)                                = 0
openat(AT_FDCWD, "/home/beverlyperez/.curlrc", O_RDONLY) = -1 ENOENT (No such file or directory)
brk(0x7fffb92d2000)                     = 0x7fffb92d2000
rt_sigaction(SIGPIPE, NULL, {sa_handler=SIG_IGN, sa_mask=[PIPE], sa_flags=SA_RESTORER|SA_RESTART, sa_restorer=0x7fdf06b76210}, 8) = 0
rt_sigaction(SIGPIPE, {sa_handler=SIG_IGN, sa_mask=[PIPE], sa_flags=SA_RESTORER|SA_RESTART, sa_restorer=0x7fdf06d423c0}, NULL, 8) = 0
brk(0x7fffb92ce000)                     = 0x7fffb92ce000
brk(0x7fffb92cd000)                     = 0x7fffb92cd000
rt_sigaction(SIGPIPE, {sa_handler=SIG_IGN, sa_mask=[PIPE], sa_flags=SA_RESTORER|SA_RESTART, sa_restorer=0x7fdf06d423c0}, NULL, 8) = 0
ioctl(1, TCGETS, 0x7fffc02a2210)        = -1 ENOTTY (Inappropriate ioctl for device)
ioctl(0, TIOCGWINSZ, {ws_row=17, ws_col=120, ws_xpixel=0, ws_ypixel=0}) = 0
clock_gettime(CLOCK_MONOTONIC, {tv_sec=313, tv_nsec=446891000}) = 0
brk(0x7fffb92ee000)                     = 0x7fffb92ee000
socketpair(AF_UNIX, SOCK_STREAM, 0, [3, 4]) = 0
fcntl(3, F_GETFL)                       = 0x2 (flags O_RDWR)
fcntl(3, F_SETFL, O_RDWR|O_NONBLOCK)    = 0
fcntl(4, F_GETFL)                       = 0x2 (flags O_RDWR)
fcntl(4, F_SETFL, O_RDWR|O_NONBLOCK)    = 0
clock_gettime(CLOCK_MONOTONIC, {tv_sec=313, tv_nsec=447567100}) = 0
rt_sigaction(SIGPIPE, NULL, {sa_handler=SIG_IGN, sa_mask=[PIPE], sa_flags=SA_RESTORER|SA_RESTART, sa_restorer=0x7fdf06d423c0}, 8) = 0
rt_sigaction(SIGPIPE, {sa_handler=SIG_IGN, sa_mask=[PIPE], sa_flags=SA_RESTORER|SA_RESTART, sa_restorer=0x7fdf06d423c0}, NULL, 8) = 0
clock_gettime(CLOCK_MONOTONIC, {tv_sec=313, tv_nsec=448191400}) = 0
poll([{fd=3, events=POLLIN}], 1, 0)     = 0 (Timeout)
clock_gettime(CLOCK_MONOTONIC, {tv_sec=313, tv_nsec=448625500}) = 0
rt_sigaction(SIGPIPE, NULL, {sa_handler=SIG_IGN, sa_mask=[PIPE], sa_flags=SA_RESTORER|SA_RESTART, sa_restorer=0x7fdf06d423c0}, 8) = 0
rt_sigaction(SIGPIPE, {sa_handler=SIG_IGN, sa_mask=[PIPE], sa_flags=SA_RESTORER|SA_RESTART, sa_restorer=0x7fdf06d423c0}, NULL, 8) = 0
clock_gettime(CLOCK_MONOTONIC, {tv_sec=313, tv_nsec=449229700}) = 0
clock_gettime(CLOCK_MONOTONIC, {tv_sec=313, tv_nsec=449466400}) = 0
clock_gettime(CLOCK_MONOTONIC, {tv_sec=313, tv_nsec=449669100}) = 0
clock_gettime(CLOCK_MONOTONIC, {tv_sec=313, tv_nsec=449789200}) = 0
clock_gettime(CLOCK_MONOTONIC, {tv_sec=313, tv_nsec=449896000}) = 0
clock_gettime(CLOCK_MONOTONIC, {tv_sec=313, tv_nsec=449981800}) = 0
clock_gettime(CLOCK_MONOTONIC, {tv_sec=313, tv_nsec=450140200}) = 0
clock_gettime(CLOCK_MONOTONIC, {tv_sec=313, tv_nsec=450226900}) = 0
clock_gettime(CLOCK_MONOTONIC, {tv_sec=313, tv_nsec=450339300}) = 0
clock_gettime(CLOCK_MONOTONIC, {tv_sec=313, tv_nsec=450456800}) = 0
socketpair(AF_UNIX, SOCK_STREAM, 0, [5, 7]) = 0
mmap(NULL, 8392704, PROT_NONE, MAP_PRIVATE|MAP_ANONYMOUS|MAP_STACK, -1, 0) = 0x7fdf04b60000
mprotect(0x7fdf04b61000, 8388608, PROT_READ|PROT_WRITE) = 0
clone(child_stack=0x7fdf0535fd70, flags=CLONE_VM|CLONE_FS|CLONE_FILES|CLONE_SIGHAND|CLONE_THREAD|CLONE_SYSVSEM|CLONE_SETTLS|CLONE_PARENT_SETTID|CLONE_CHILD_CLEARTID, parent_tid=[863], tls=0x7fdf05360700, child_tidptr=0x7fdf053609d0) = 863
clock_gettime(CLOCK_MONOTONIC, {tv_sec=313, tv_nsec=451315600}) = 0
clock_gettime(CLOCK_MONOTONIC, {tv_sec=313, tv_nsec=451473900}) = 0
clock_gettime(CLOCK_MONOTONIC, {tv_sec=313, tv_nsec=451573800}) = 0
rt_sigaction(SIGPIPE, {sa_handler=SIG_IGN, sa_mask=[PIPE], sa_flags=SA_RESTORER|SA_RESTART, sa_restorer=0x7fdf06d423c0}, NULL, 8) = 0
clock_gettime(CLOCK_MONOTONIC, {tv_sec=313, tv_nsec=451799400}) = 0
clock_gettime(CLOCK_MONOTONIC, {tv_sec=313, tv_nsec=451903500}) = 0
poll([{fd=5, events=POLLIN}, {fd=3, events=POLLIN}], 2, 1) = 0 (Timeout)
clock_gettime(CLOCK_MONOTONIC, {tv_sec=313, tv_nsec=453484200}) = 0
rt_sigaction(SIGPIPE, NULL, {sa_handler=SIG_IGN, sa_mask=[PIPE], sa_flags=SA_RESTORER|SA_RESTART, sa_restorer=0x7fdf06d423c0}, 8) = 0
rt_sigaction(SIGPIPE, {sa_handler=SIG_IGN, sa_mask=[PIPE], sa_flags=SA_RESTORER|SA_RESTART, sa_restorer=0x7fdf06d423c0}, NULL, 8) = 0
clock_gettime(CLOCK_MONOTONIC, {tv_sec=313, tv_nsec=453830600}) = 0
clock_gettime(CLOCK_MONOTONIC, {tv_sec=313, tv_nsec=453930600}) = 0
clock_gettime(CLOCK_MONOTONIC, {tv_sec=313, tv_nsec=454062900}) = 0
rt_sigaction(SIGPIPE, {sa_handler=SIG_IGN, sa_mask=[PIPE], sa_flags=SA_RESTORER|SA_RESTART, sa_restorer=0x7fdf06d423c0}, NULL, 8) = 0
clock_gettime(CLOCK_MONOTONIC, {tv_sec=313, tv_nsec=454272100}) = 0
clock_gettime(CLOCK_MONOTONIC, {tv_sec=313, tv_nsec=454368600}) = 0
poll([{fd=5, events=POLLIN}, {fd=3, events=POLLIN}], 2, 1) = 0 (Timeout)
clock_gettime(CLOCK_MONOTONIC, {tv_sec=313, tv_nsec=455955500}) = 0
rt_sigaction(SIGPIPE, NULL, {sa_handler=SIG_IGN, sa_mask=[PIPE], sa_flags=SA_RESTORER|SA_RESTART, sa_restorer=0x7fdf06d423c0}, 8) = 0
rt_sigaction(SIGPIPE, {sa_handler=SIG_IGN, sa_mask=[PIPE], sa_flags=SA_RESTORER|SA_RESTART, sa_restorer=0x7fdf06d423c0}, NULL, 8) = 0
clock_gettime(CLOCK_MONOTONIC, {tv_sec=313, tv_nsec=456241500}) = 0
clock_gettime(CLOCK_MONOTONIC, {tv_sec=313, tv_nsec=456328300}) = 0
clock_gettime(CLOCK_MONOTONIC, {tv_sec=313, tv_nsec=456437500}) = 0
rt_sigaction(SIGPIPE, {sa_handler=SIG_IGN, sa_mask=[PIPE], sa_flags=SA_RESTORER|SA_RESTART, sa_restorer=0x7fdf06d423c0}, NULL, 8) = 0
clock_gettime(CLOCK_MONOTONIC, {tv_sec=313, tv_nsec=456642900}) = 0
clock_gettime(CLOCK_MONOTONIC, {tv_sec=313, tv_nsec=456746600}) = 0
poll([{fd=5, events=POLLIN}, {fd=3, events=POLLIN}], 2, 3) = 0 (Timeout)
clock_gettime(CLOCK_MONOTONIC, {tv_sec=313, tv_nsec=460484400}) = 0
rt_sigaction(SIGPIPE, NULL, {sa_handler=SIG_IGN, sa_mask=[PIPE], sa_flags=SA_RESTORER|SA_RESTART, sa_restorer=0x7fdf06d423c0}, 8) = 0
rt_sigaction(SIGPIPE, {sa_handler=SIG_IGN, sa_mask=[PIPE], sa_flags=SA_RESTORER|SA_RESTART, sa_restorer=0x7fdf06d423c0}, NULL, 8) = 0
clock_gettime(CLOCK_MONOTONIC, {tv_sec=313, tv_nsec=460768000}) = 0
clock_gettime(CLOCK_MONOTONIC, {tv_sec=313, tv_nsec=460858200}) = 0
clock_gettime(CLOCK_MONOTONIC, {tv_sec=313, tv_nsec=460947400}) = 0
rt_sigaction(SIGPIPE, {sa_handler=SIG_IGN, sa_mask=[PIPE], sa_flags=SA_RESTORER|SA_RESTART, sa_restorer=0x7fdf06d423c0}, NULL, 8) = 0
clock_gettime(CLOCK_MONOTONIC, {tv_sec=313, tv_nsec=461131300}) = 0
clock_gettime(CLOCK_MONOTONIC, {tv_sec=313, tv_nsec=461219700}) = 0
poll([{fd=5, events=POLLIN}, {fd=3, events=POLLIN}], 2, 7) = 0 (Timeout)
clock_gettime(CLOCK_MONOTONIC, {tv_sec=313, tv_nsec=468466700}) = 0
rt_sigaction(SIGPIPE, NULL, {sa_handler=SIG_IGN, sa_mask=[PIPE], sa_flags=SA_RESTORER|SA_RESTART, sa_restorer=0x7fdf06d423c0}, 8) = 0
rt_sigaction(SIGPIPE, {sa_handler=SIG_IGN, sa_mask=[PIPE], sa_flags=SA_RESTORER|SA_RESTART, sa_restorer=0x7fdf06d423c0}, NULL, 8) = 0
clock_gettime(CLOCK_MONOTONIC, {tv_sec=313, tv_nsec=468792700}) = 0
clock_gettime(CLOCK_MONOTONIC, {tv_sec=313, tv_nsec=468897500}) = 0
clock_gettime(CLOCK_MONOTONIC, {tv_sec=313, tv_nsec=469012700}) = 0
rt_sigaction(SIGPIPE, {sa_handler=SIG_IGN, sa_mask=[PIPE], sa_flags=SA_RESTORER|SA_RESTART, sa_restorer=0x7fdf06d423c0}, NULL, 8) = 0
clock_gettime(CLOCK_MONOTONIC, {tv_sec=313, tv_nsec=469260000}) = 0
poll([{fd=5, events=POLLIN}, {fd=3, events=POLLIN}], 2, 0) = 0 (Timeout)
clock_gettime(CLOCK_MONOTONIC, {tv_sec=313, tv_nsec=469458200}) = 0
rt_sigaction(SIGPIPE, NULL, {sa_handler=SIG_IGN, sa_mask=[PIPE], sa_flags=SA_RESTORER|SA_RESTART, sa_restorer=0x7fdf06d423c0}, 8) = 0
rt_sigaction(SIGPIPE, {sa_handler=SIG_IGN, sa_mask=[PIPE], sa_flags=SA_RESTORER|SA_RESTART, sa_restorer=0x7fdf06d423c0}, NULL, 8) = 0
clock_gettime(CLOCK_MONOTONIC, {tv_sec=313, tv_nsec=469732700}) = 0
clock_gettime(CLOCK_MONOTONIC, {tv_sec=313, tv_nsec=469816900}) = 0
clock_gettime(CLOCK_MONOTONIC, {tv_sec=313, tv_nsec=469905200}) = 0
rt_sigaction(SIGPIPE, {sa_handler=SIG_IGN, sa_mask=[PIPE], sa_flags=SA_RESTORER|SA_RESTART, sa_restorer=0x7fdf06d423c0}, NULL, 8) = 0
clock_gettime(CLOCK_MONOTONIC, {tv_sec=313, tv_nsec=470078700}) = 0
clock_gettime(CLOCK_MONOTONIC, {tv_sec=313, tv_nsec=470168100}) = 0
poll([{fd=5, events=POLLIN}, {fd=3, events=POLLIN}], 2, 15) = 1 ([{fd=5, revents=POLLIN}])
clock_gettime(CLOCK_MONOTONIC, {tv_sec=313, tv_nsec=481918400}) = 0
rt_sigaction(SIGPIPE, NULL, {sa_handler=SIG_IGN, sa_mask=[PIPE], sa_flags=SA_RESTORER|SA_RESTART, sa_restorer=0x7fdf06d423c0}, 8) = 0
rt_sigaction(SIGPIPE, {sa_handler=SIG_IGN, sa_mask=[PIPE], sa_flags=SA_RESTORER|SA_RESTART, sa_restorer=0x7fdf06d423c0}, NULL, 8) = 0
time([1599505839 /* 2020-09-07T12:10:39-0700 */]) = 1599505839 (2020-09-07T12:10:39-0700)
close(7)                                = 0
close(5)                                = 0
clock_gettime(CLOCK_MONOTONIC, {tv_sec=313, tv_nsec=483012000}) = 0
clock_gettime(CLOCK_MONOTONIC, {tv_sec=313, tv_nsec=483112100}) = 0
clock_gettime(CLOCK_MONOTONIC, {tv_sec=313, tv_nsec=483217000}) = 0
clock_gettime(CLOCK_MONOTONIC, {tv_sec=313, tv_nsec=483344200}) = 0
clock_gettime(CLOCK_MONOTONIC, {tv_sec=313, tv_nsec=483448000}) = 0
socket(AF_INET, SOCK_STREAM, IPPROTO_TCP) = 5
setsockopt(5, SOL_TCP, TCP_NODELAY, [1], 4) = 0
setsockopt(5, SOL_SOCKET, SO_KEEPALIVE, [1], 4) = 0
setsockopt(5, SOL_TCP, TCP_KEEPIDLE, [60], 4) = 0
setsockopt(5, SOL_TCP, TCP_KEEPINTVL, [60], 4) = 0
fcntl(5, F_GETFL)                       = 0x2 (flags O_RDWR)
fcntl(5, F_SETFL, O_RDWR|O_NONBLOCK)    = 0
clock_gettime(CLOCK_MONOTONIC, {tv_sec=313, tv_nsec=484748700}) = 0
clock_gettime(CLOCK_MONOTONIC, {tv_sec=313, tv_nsec=484859900}) = 0
connect(5, {sa_family=AF_INET, sin_port=htons(443), sin_addr=inet_addr("104.18.126.100")}, 16) = -1 EINPROGRESS (Operation now in progress)
clock_gettime(CLOCK_MONOTONIC, {tv_sec=313, tv_nsec=485353800}) = 0
clock_gettime(CLOCK_MONOTONIC, {tv_sec=313, tv_nsec=485676700}) = 0
clock_gettime(CLOCK_MONOTONIC, {tv_sec=313, tv_nsec=485781500}) = 0
clock_gettime(CLOCK_MONOTONIC, {tv_sec=313, tv_nsec=485982300}) = 0
poll([{fd=5, events=POLLOUT|POLLWRNORM}], 1, 0) = 0 (Timeout)
clock_gettime(CLOCK_MONOTONIC, {tv_sec=313, tv_nsec=486423100}) = 0
rt_sigaction(SIGPIPE, {sa_handler=SIG_IGN, sa_mask=[PIPE], sa_flags=SA_RESTORER|SA_RESTART, sa_restorer=0x7fdf06d423c0}, NULL, 8) = 0
clock_gettime(CLOCK_MONOTONIC, {tv_sec=313, tv_nsec=486867000}) = 0
poll([{fd=5, events=POLLOUT}, {fd=3, events=POLLIN}], 2, 0) = 0 (Timeout)
clock_gettime(CLOCK_MONOTONIC, {tv_sec=313, tv_nsec=487047300}) = 0
rt_sigaction(SIGPIPE, NULL, {sa_handler=SIG_IGN, sa_mask=[PIPE], sa_flags=SA_RESTORER|SA_RESTART, sa_restorer=0x7fdf06d423c0}, 8) = 0
rt_sigaction(SIGPIPE, {sa_handler=SIG_IGN, sa_mask=[PIPE], sa_flags=SA_RESTORER|SA_RESTART, sa_restorer=0x7fdf06d423c0}, NULL, 8) = 0
clock_gettime(CLOCK_MONOTONIC, {tv_sec=313, tv_nsec=487290500}) = 0
poll([{fd=5, events=POLLOUT|POLLWRNORM}], 1, 0) = 0 (Timeout)
clock_gettime(CLOCK_MONOTONIC, {tv_sec=313, tv_nsec=487685500}) = 0
rt_sigaction(SIGPIPE, {sa_handler=SIG_IGN, sa_mask=[PIPE], sa_flags=SA_RESTORER|SA_RESTART, sa_restorer=0x7fdf06d423c0}, NULL, 8) = 0
clock_gettime(CLOCK_MONOTONIC, {tv_sec=313, tv_nsec=487962700}) = 0
clock_gettime(CLOCK_MONOTONIC, {tv_sec=313, tv_nsec=488066900}) = 0
poll([{fd=5, events=POLLOUT}, {fd=3, events=POLLIN}], 2, 5) = 0 (Timeout)
clock_gettime(CLOCK_MONOTONIC, {tv_sec=313, tv_nsec=493542000}) = 0
rt_sigaction(SIGPIPE, NULL, {sa_handler=SIG_IGN, sa_mask=[PIPE], sa_flags=SA_RESTORER|SA_RESTART, sa_restorer=0x7fdf06d423c0}, 8) = 0
rt_sigaction(SIGPIPE, {sa_handler=SIG_IGN, sa_mask=[PIPE], sa_flags=SA_RESTORER|SA_RESTART, sa_restorer=0x7fdf06d423c0}, NULL, 8) = 0
clock_gettime(CLOCK_MONOTONIC, {tv_sec=313, tv_nsec=494170100}) = 0
poll([{fd=5, events=POLLOUT|POLLWRNORM}], 1, 0) = 0 (Timeout)
clock_gettime(CLOCK_MONOTONIC, {tv_sec=313, tv_nsec=494396600}) = 0
rt_sigaction(SIGPIPE, {sa_handler=SIG_IGN, sa_mask=[PIPE], sa_flags=SA_RESTORER|SA_RESTART, sa_restorer=0x7fdf06d423c0}, NULL, 8) = 0
clock_gettime(CLOCK_MONOTONIC, {tv_sec=313, tv_nsec=494559800}) = 0
clock_gettime(CLOCK_MONOTONIC, {tv_sec=313, tv_nsec=494655300}) = 0
poll([{fd=5, events=POLLOUT}, {fd=3, events=POLLIN}], 2, 190) = 1 ([{fd=5, revents=POLLOUT}])
clock_gettime(CLOCK_MONOTONIC, {tv_sec=313, tv_nsec=545866000}) = 0
rt_sigaction(SIGPIPE, NULL, {sa_handler=SIG_IGN, sa_mask=[PIPE], sa_flags=SA_RESTORER|SA_RESTART, sa_restorer=0x7fdf06d423c0}, 8) = 0
rt_sigaction(SIGPIPE, {sa_handler=SIG_IGN, sa_mask=[PIPE], sa_flags=SA_RESTORER|SA_RESTART, sa_restorer=0x7fdf06d423c0}, NULL, 8) = 0
clock_gettime(CLOCK_MONOTONIC, {tv_sec=313, tv_nsec=546197500}) = 0
poll([{fd=5, events=POLLOUT|POLLWRNORM}], 1, 0) = 1 ([{fd=5, revents=POLLOUT|POLLWRNORM}])
getsockopt(5, SOL_SOCKET, SO_ERROR, [0], [4]) = 0
clock_gettime(CLOCK_MONOTONIC, {tv_sec=313, tv_nsec=546645700}) = 0
getpeername(5, {sa_family=AF_INET, sin_port=htons(443), sin_addr=inet_addr("104.18.126.100")}, [128->16]) = 0
getsockname(5, {sa_family=AF_INET, sin_port=htons(51609), sin_addr=inet_addr("192.168.1.35")}, [128->16]) = 0
clock_gettime(CLOCK_MONOTONIC, {tv_sec=313, tv_nsec=547036100}) = 0
clock_gettime(CLOCK_MONOTONIC, {tv_sec=313, tv_nsec=547163800}) = 0
futex(0x7fdf06964948, FUTEX_WAKE_PRIVATE, 2147483647) = 0
getpid()                                = 856
getrandom("\xd7\xe1\x15\x6a\x69\xdf\x78\x8b\x4e\x09\xe9\x7c\x22\x19\xc6\xab\x7f\xdd\x35\x9a\x18\xf1\xf3\x2e\xae\x4a\x5e\x16\x61\x44\x16\x87", 32, 0) = 32
getpid()                                = 856
clock_gettime(CLOCK_REALTIME, {tv_sec=1599505839, tv_nsec=530202200}) = 0
time(NULL)                              = 1599505839 (2020-09-07T12:10:39-0700)
futex(0x7fdf06964918, FUTEX_WAKE_PRIVATE, 2147483647) = 0
futex(0x7fdf069648d8, FUTEX_WAKE_PRIVATE, 2147483647) = 0
futex(0x7fdf069647f0, FUTEX_WAKE_PRIVATE, 2147483647) = 0
futex(0x7fdf069647e8, FUTEX_WAKE_PRIVATE, 2147483647) = 0
openat(AT_FDCWD, "/usr/lib/ssl/openssl.cnf", O_RDONLY) = 7
fstat(7, {st_mode=S_IFREG|0644, st_size=10909, ...}) = 0
read(7, "#\n# OpenSSL example configuratio"..., 4096) = 4096
read(7, "# WARNING: ancient versions of N"..., 4096) = 4096
read(7, "es of the usage of nsCertType. I"..., 4096) = 2717
read(7, "", 4096)                       = 0
close(7)                                = 0
futex(0x7fdf069647e0, FUTEX_WAKE_PRIVATE, 2147483647) = 0
futex(0x7fdf06a02840, FUTEX_WAKE_PRIVATE, 2147483647) = 0
sysinfo({uptime=313, loads=[33984, 37856, 38400], totalram=8451309568, freeram=2089635840, sharedram=0, bufferram=0, totalswap=20971520000, freeswap=20891766784, procs=9, totalhigh=142548992, freehigh=278528, mem_unit=1}) = 0
futex(0x7fdf06a02928, FUTEX_WAKE_PRIVATE, 2147483647) = 0
futex(0x7fdf06a0291c, FUTEX_WAKE_PRIVATE, 2147483647) = 0
futex(0x7fdf06a02748, FUTEX_WAKE_PRIVATE, 2147483647) = 0
getpid()                                = 856
getpid()                                = 856
time(NULL)                              = 1599505839 (2020-09-07T12:10:39-0700)
time(NULL)                              = 1599505839 (2020-09-07T12:10:39-0700)
getpid()                                = 856
getpid()                                = 856
time(NULL)                              = 1599505839 (2020-09-07T12:10:39-0700)
getpid()                                = 856
getpid()                                = 856
time(NULL)                              = 1599505839 (2020-09-07T12:10:39-0700)
time(NULL)                              = 1599505839 (2020-09-07T12:10:39-0700)
getpid()                                = 856
getpid()                                = 856
time(NULL)                              = 1599505839 (2020-09-07T12:10:39-0700)
getpid()                                = 856
getpid()                                = 856
time(NULL)                              = 1599505839 (2020-09-07T12:10:39-0700)
getpid()                                = 856
getpid()                                = 856
time(NULL)                              = 1599505839 (2020-09-07T12:10:39-0700)
openat(AT_FDCWD, "/etc/ssl/certs/ca-certificates.crt", O_RDONLY) = 7
fstat(7, {st_mode=S_IFREG|0644, st_size=198540, ...}) = 0
read(7, "-----BEGIN CERTIFICATE-----\nMIIH"..., 4096) = 4096
read(7, "8B1\nRXxlDPiyN8+sD8+Nb/kZ94/sHvJw"..., 4096) = 4096
read(7, "FoXDTMwMTIzMTE0MDgyNFowRDEL\nMAkG"..., 4096) = 4096
read(7, "jgdYZ6k/oI2peVKVuRF4fn9tBb6dNqcm"..., 4096) = 4096
read(7, "LBQAwPDEeMBwGA1UE\nAwwVQXRvcyBUcn"..., 4096) = 4096
read(7, "jl0qhqdNkNwnGjkCAwEAAaNFMEMwHQYD"..., 4096) = 4096
brk(0x7fffb930f000)                     = 0x7fffb930f000
read(7, "BDGR8Dk5AM/1E9V/RBbuHLoL7ryWPNbc"..., 4096) = 4096
read(7, "+vZ\n5nbv0CO7O6l5s9UCKc2Jo5YPSjXn"..., 4096) = 4096
read(7, "vTwJaP+EmzzV1gsD41eeFPfR60/IvYcj"..., 4096) = 4096
read(7, "kNsYXNz\nIDIgUHJpbWFyeSBDQTCCASIw"..., 4096) = 4096
read(7, "nbw3RLPTYe+SmTiGhbqEQZIfCn6IENLO"..., 4096) = 4096
read(7, "b6P+k+tZ7xkSAzk/ExfYAWMymtrwUSWg"..., 4096) = 4096
read(7, "tdHJ1c3QubmV0L0NOPUQtVFJVU1QlMjB"..., 4096) = 4096
read(7, "UYun\npyGd823IDzANBgkqhkiG9w0BAQU"..., 4096) = 4096
read(7, "YDVQQDExdEaWdpQ2VydCBHbG9iYWwgUm"..., 4096) = 4096
brk(0x7fffb9330000)                     = 0x7fffb9330000
read(7, "XwhTNS8rhsDdV14Ztk6MUSaM0C/\nCNda"..., 4096) = 4096
read(7, "lZ2V1IGh0dHBzOi8vd3d3LmNhdGNlcnQ"..., 4096) = 4096
read(7, "hKwqeBCbJPKVt7+\nbYQLCIt+jerXmCHG"..., 4096) = 4096
read(7, "HarWWluBh1+xLlEjZivEtRh2woZ\nRkfz"..., 4096) = 4096
read(7, "qD17wxcwE0\n7e9GceBrAqg1cmuXm2bgy"..., 4096) = 4096
read(7, "+RbNt+\nnhutxx9z3SxPGWX9f5NAEC7S8"..., 4096) = 4096
read(7, "mTTZdhBoZKo0IwQDAOBgNVHQ8BAf8EBA"..., 4096) = 4096
read(7, "ztcpH\nWD9f\n-----END CERTIFICATE-"..., 4096) = 4096
brk(0x7fffb9351000)                     = 0x7fffb9351000
read(7, "z//7Dl3mLEfXgTpZALVz\na2Mg9jFFCDk"..., 4096) = 4096
read(7, "BAMCAQYwHQYDVR0OBBYEFLQi\nC4KZJAE"..., 4096) = 4096
read(7, "DTIzMDUxNTA0NTIyOVowRzELMAkG\nA1U"..., 4096) = 4096
read(7, "ZIhvcNAQELBQAD\nggIBAA2ukDL2pkt8R"..., 4096) = 4096
read(7, "GI8NYjb2zRlrrKvV9pF9rnHzP7MOeIWb"..., 4096) = 4096
read(7, "LyMtd6YebS2z3PyKnJm9zbWETXbzivf3"..., 4096) = 4096
read(7, "Pjz0e701vvbyk9vImMMkQyh2I+3QZH4V"..., 4096) = 4096
read(7, "aW1p\ndGVkMSUwIwYDVQQLExxSb290IEN"..., 4096) = 4096
read(7, "+hA4bRuVhogzG9Yje0uRY/W6ZM/57Es3"..., 4096) = 4096
read(7, "vS3pspweWyuOEn62Iix2rFo1bZhfZFvS"..., 4096) = 4096
brk(0x7fffb9372000)                     = 0x7fffb9372000
brk(0x7fffb9371000)                     = 0x7fffb9371000
read(7, "ssuf\nOePPxU7Gkm0mxnu7s9onnQqG6YE"..., 4096) = 4096
read(7, "jqerQ0\ncuAjJ3dctpDqhiVAq+8zD8ufg"..., 4096) = 4096
read(7, "WnPmRoJjeOnnyvJNjR7JLN4TJUXpAYmH"..., 4096) = 4096
read(7, "TANBgkqhkiG9w0BAQUFADA5MQswCQYDV"..., 4096) = 4096
read(7, "g+oJgYjOk7Na6\nB6duxc8UpufWkjTYgf"..., 4096) = 4096
read(7, "tv3\nL7IezMdeatiDh6GX70k1PncGQVhi"..., 4096) = 4096
read(7, "MPi\naG59je883WX0XaxR7ySArqpWl2/5"..., 4096) = 4096
read(7, "/\nWSA2AHmgoCJrjNXyYdK4LMuCSjANBg"..., 4096) = 4096
read(7, "2RRP1WKKD+u4ZqyPpcC1jcxkt2\nyKsi2"..., 4096) = 4096
brk(0x7fffb9392000)                     = 0x7fffb9392000
brk(0x7fffb9391000)                     = 0x7fffb9391000
read(7, "KxYEYMRBWqoTvLQr/uB930r+lWKBi5Nd"..., 4096) = 4096
read(7, "0Q29yIFN5c3RlbXMgUy4gZGUgUi5MLjE"..., 4096) = 4096
read(7, "IYYLceuyZA6LIWcwDQYJKoZIhvcNAQEF"..., 4096) = 4096
read(7, "cmltYXJ5IENlcnRpZmljYXRpb24gQXV0"..., 4096) = 4096
read(7, "TE-----\nMIIEGjCCAwICEQCbfgZJoz5i"..., 4096) = 4096
read(7, "iIL5VaZVDADlN\n9u6wWk5JRFRYX0KD\n-"..., 4096) = 4096
read(7, "YFK4EEACIDYgAEotWcgnuVnfFSeIf+ih"..., 4096) = 1932
read(7, "", 4096)                       = 0
close(7)                                = 0
clock_gettime(CLOCK_MONOTONIC, {tv_sec=313, tv_nsec=576299600}) = 0
brk(0x7fffb93b5000)                     = 0x7fffb93b5000
time(NULL)                              = 1599505839 (2020-09-07T12:10:39-0700)
getpid()                                = 856
getpid()                                = 856
time(NULL)                              = 1599505839 (2020-09-07T12:10:39-0700)
getpid()                                = 856
getpid()                                = 856
time(NULL)                              = 1599505839 (2020-09-07T12:10:39-0700)
getpid()                                = 856
getpid()                                = 856
time(NULL)                              = 1599505839 (2020-09-07T12:10:39-0700)
write(5, "\26\3\1\2\0\1\0\1\374\3\3\261\353d\217{\0I\307\203|\25#\342\254\3769\205\20#P*"..., 517) = 517
read(5, 0x7fffb9394243, 5)              = -1 EAGAIN (Resource temporarily unavailable)
clock_gettime(CLOCK_MONOTONIC, {tv_sec=313, tv_nsec=579545800}) = 0
rt_sigaction(SIGPIPE, {sa_handler=SIG_IGN, sa_mask=[PIPE], sa_flags=SA_RESTORER|SA_RESTART, sa_restorer=0x7fdf06d423c0}, NULL, 8) = 0
clock_gettime(CLOCK_MONOTONIC, {tv_sec=313, tv_nsec=579808100}) = 0
clock_gettime(CLOCK_MONOTONIC, {tv_sec=313, tv_nsec=579909500}) = 0
poll([{fd=5, events=POLLIN}, {fd=3, events=POLLIN}], 2, 105) = 1 ([{fd=5, revents=POLLIN}])
clock_gettime(CLOCK_MONOTONIC, {tv_sec=313, tv_nsec=616207200}) = 0
rt_sigaction(SIGPIPE, NULL, {sa_handler=SIG_IGN, sa_mask=[PIPE], sa_flags=SA_RESTORER|SA_RESTART, sa_restorer=0x7fdf06d423c0}, 8) = 0
rt_sigaction(SIGPIPE, {sa_handler=SIG_IGN, sa_mask=[PIPE], sa_flags=SA_RESTORER|SA_RESTART, sa_restorer=0x7fdf06d423c0}, NULL, 8) = 0
clock_gettime(CLOCK_MONOTONIC, {tv_sec=313, tv_nsec=616770900}) = 0
poll([{fd=5, events=POLLIN|POLLPRI|POLLRDNORM|POLLRDBAND}], 1, 0) = 1 ([{fd=5, revents=POLLIN|POLLRDNORM}])
read(5, "\26\3\3\0h", 5)                = 5
read(5, "\2\0\0d\3\3_V\205\261q\372e)\226\22\23Xb\371v\274O\364\214\36\212\255Wq\277\251"..., 104) = 104
read(5, "\26\3\3\10\240", 5)            = 5
read(5, "\v\0\10\234\0\10\231\0\4\3020\202\4\2760\202\4e\240\3\2\1\2\2\20\rLI\340\303\270\365"..., 2208) = 2208
stat("/etc/ssl/certs/8e363097.0", 0x7fffc02a1940) = -1 ENOENT (No such file or directory)
time([1599505839 /* 2020-09-07T12:10:39-0700 */]) = 1599505839 (2020-09-07T12:10:39-0700)
openat(AT_FDCWD, "/etc/localtime", O_RDONLY|O_CLOEXEC) = 7
fstat(7, {st_mode=S_IFREG|0644, st_size=344, ...}) = 0
fstat(7, {st_mode=S_IFREG|0644, st_size=344, ...}) = 0
read(7, "TZif2\0\0\0\0\0\0\0\0\0\0\0\0\0\0\0\0\0\0\4\0\0\0\4\0\0\0\0"..., 4096) = 344
lseek(7, -197, SEEK_CUR)                = 147
read(7, "TZif2\0\0\0\0\0\0\0\0\0\0\0\0\0\0\0\0\0\0\4\0\0\0\4\0\0\0\0"..., 4096) = 197
close(7)                                = 0
time([1599505839 /* 2020-09-07T12:10:39-0700 */]) = 1599505839 (2020-09-07T12:10:39-0700)
time([1599505839 /* 2020-09-07T12:10:39-0700 */]) = 1599505839 (2020-09-07T12:10:39-0700)
time([1599505839 /* 2020-09-07T12:10:39-0700 */]) = 1599505839 (2020-09-07T12:10:39-0700)
time([1599505839 /* 2020-09-07T12:10:39-0700 */]) = 1599505839 (2020-09-07T12:10:39-0700)
time([1599505839 /* 2020-09-07T12:10:39-0700 */]) = 1599505839 (2020-09-07T12:10:39-0700)
time([1599505839 /* 2020-09-07T12:10:39-0700 */]) = 1599505839 (2020-09-07T12:10:39-0700)
time([1599505839 /* 2020-09-07T12:10:39-0700 */]) = 1599505839 (2020-09-07T12:10:39-0700)
time([1599505839 /* 2020-09-07T12:10:39-0700 */]) = 1599505839 (2020-09-07T12:10:39-0700)
time([1599505839 /* 2020-09-07T12:10:39-0700 */]) = 1599505839 (2020-09-07T12:10:39-0700)
read(5, "\26\3\3\0q", 5)                = 5
read(5, "\f\0\0m\3\0\35 \17\313\327(\314\r\177\243\331Mf\226\337\35\367\313\256B\272\264\231\251\262)"..., 113) = 113
read(5, "\26\3\3\0\4", 5)               = 5
read(5, "\16\0\0\0", 4)                 = 4
getpid()                                = 856
getpid()                                = 856
time(NULL)                              = 1599505839 (2020-09-07T12:10:39-0700)
write(5, "\26\3\3\0%\20\0\0! \316T\222u\31t\336s\213&L\1\357\305\335\232]\27s?\v\370"..., 85) = 85
read(5, 0x7fffb939e9c3, 5)              = -1 EAGAIN (Resource temporarily unavailable)
clock_gettime(CLOCK_MONOTONIC, {tv_sec=313, tv_nsec=625743100}) = 0
rt_sigaction(SIGPIPE, {sa_handler=SIG_IGN, sa_mask=[PIPE], sa_flags=SA_RESTORER|SA_RESTART, sa_restorer=0x7fdf06d423c0}, NULL, 8) = 0
clock_gettime(CLOCK_MONOTONIC, {tv_sec=313, tv_nsec=625925400}) = 0
clock_gettime(CLOCK_MONOTONIC, {tv_sec=313, tv_nsec=626009700}) = 0
poll([{fd=5, events=POLLIN}, {fd=3, events=POLLIN}], 2, 59) = 1 ([{fd=5, revents=POLLIN}])
clock_gettime(CLOCK_MONOTONIC, {tv_sec=313, tv_nsec=650513800}) = 0
rt_sigaction(SIGPIPE, NULL, {sa_handler=SIG_IGN, sa_mask=[PIPE], sa_flags=SA_RESTORER|SA_RESTART, sa_restorer=0x7fdf06d423c0}, 8) = 0
rt_sigaction(SIGPIPE, {sa_handler=SIG_IGN, sa_mask=[PIPE], sa_flags=SA_RESTORER|SA_RESTART, sa_restorer=0x7fdf06d423c0}, NULL, 8) = 0
clock_gettime(CLOCK_MONOTONIC, {tv_sec=313, tv_nsec=651004200}) = 0
poll([{fd=5, events=POLLIN|POLLPRI|POLLRDNORM|POLLRDBAND}], 1, 0) = 1 ([{fd=5, revents=POLLIN|POLLRDNORM}])
read(5, "\24\3\3\0\1", 5)               = 5
read(5, "\1", 1)                        = 1
read(5, "\26\3\3\0 ", 5)                = 5
read(5, "N\210\324o\3572H\25\223\264A\350\366\200\211;\0;!\251\202\372\5\377/\3720+1\354w\316", 32) = 32
clock_gettime(CLOCK_MONOTONIC, {tv_sec=313, tv_nsec=652568100}) = 0
clock_gettime(CLOCK_MONOTONIC, {tv_sec=313, tv_nsec=652752900}) = 0
write(5, "\27\3\3\0(r\205\1\274F\265\256\"M:E?\252&\216\30\344N\332(\222\203\4Y\345\343}"..., 45) = 45
write(5, "\27\3\3\0+\20$\244\256\227\251\231tM\337\212\273\305\347\336\202\211tw\360\336\351'\33\204\236\3"..., 48) = 48
write(5, "\27\3\3\0\35t\377\5\265\2\327\215\0225\362\315\260\316\362\277\202\247.\335},\217\326\323\0\271%"..., 34) = 34
write(5, "\27\3\3\0G\217f\206\261\263\36\223\4\304\303\314\254\217V!\254)\221\366\"\270\313\376\214J\t\240"..., 76) = 76
clock_gettime(CLOCK_MONOTONIC, {tv_sec=313, tv_nsec=654409600}) = 0
clock_gettime(CLOCK_MONOTONIC, {tv_sec=313, tv_nsec=654495300}) = 0
clock_gettime(CLOCK_MONOTONIC, {tv_sec=313, tv_nsec=654630500}) = 0
poll([{fd=5, events=POLLIN|POLLPRI|POLLRDNORM|POLLRDBAND}], 1, 0) = 1 ([{fd=5, revents=POLLIN|POLLRDNORM}])
read(5, "\27\3\3\08", 5)                = 5
read(5, "\274?\\}f3.\360\5\35\272\n\273\320\363\21\30Ku+\0\342\23?<\342>\201S\351\30\246"..., 56) = 56
write(5, "\27\3\3\0\31\372\300\353\374\243\347dO\240~T\35Y\340\303\304\326y\375\276w<\231Bp", 30) = 30
clock_gettime(CLOCK_MONOTONIC, {tv_sec=313, tv_nsec=656214900}) = 0
clock_gettime(CLOCK_MONOTONIC, {tv_sec=313, tv_nsec=656449300}) = 0
clock_gettime(CLOCK_MONOTONIC, {tv_sec=313, tv_nsec=656592700}) = 0
poll([{fd=5, events=POLLIN|POLLPRI|POLLRDNORM|POLLRDBAND}], 1, 0) = 0 (Timeout)
clock_gettime(CLOCK_MONOTONIC, {tv_sec=313, tv_nsec=656876300}) = 0
clock_gettime(CLOCK_MONOTONIC, {tv_sec=313, tv_nsec=656990900}) = 0
clock_gettime(CLOCK_MONOTONIC, {tv_sec=313, tv_nsec=657192700}) = 0
rt_sigaction(SIGPIPE, {sa_handler=SIG_IGN, sa_mask=[PIPE], sa_flags=SA_RESTORER|SA_RESTART, sa_restorer=0x7fdf06d423c0}, NULL, 8) = 0
clock_gettime(CLOCK_MONOTONIC, {tv_sec=313, tv_nsec=657582100}) = 0
clock_gettime(CLOCK_MONOTONIC, {tv_sec=313, tv_nsec=657813400}) = 0
poll([{fd=5, events=POLLIN}, {fd=3, events=POLLIN}], 2, 27) = 1 ([{fd=5, revents=POLLIN}])
clock_gettime(CLOCK_MONOTONIC, {tv_sec=313, tv_nsec=676404700}) = 0
rt_sigaction(SIGPIPE, NULL, {sa_handler=SIG_IGN, sa_mask=[PIPE], sa_flags=SA_RESTORER|SA_RESTART, sa_restorer=0x7fdf06d423c0}, 8) = 0
rt_sigaction(SIGPIPE, {sa_handler=SIG_IGN, sa_mask=[PIPE], sa_flags=SA_RESTORER|SA_RESTART, sa_restorer=0x7fdf06d423c0}, NULL, 8) = 0
poll([{fd=5, events=POLLIN|POLLPRI|POLLRDNORM|POLLRDBAND}], 1, 0) = 1 ([{fd=5, revents=POLLIN|POLLRDNORM}])
read(5, "\27\3\3\0\31", 5)              = 5
read(5, "\325\217\375 >\353\371\242\"$x\365CS\246\3753a\332\377\343\317\0365#", 25) = 25
clock_gettime(CLOCK_MONOTONIC, {tv_sec=313, tv_nsec=678675300}) = 0
clock_gettime(CLOCK_MONOTONIC, {tv_sec=313, tv_nsec=678743200}) = 0
clock_gettime(CLOCK_MONOTONIC, {tv_sec=313, tv_nsec=678809400}) = 0
rt_sigaction(SIGPIPE, {sa_handler=SIG_IGN, sa_mask=[PIPE], sa_flags=SA_RESTORER|SA_RESTART, sa_restorer=0x7fdf06d423c0}, NULL, 8) = 0
clock_gettime(CLOCK_MONOTONIC, {tv_sec=313, tv_nsec=678988000}) = 0
clock_gettime(CLOCK_MONOTONIC, {tv_sec=313, tv_nsec=679252700}) = 0
poll([{fd=5, events=POLLIN}, {fd=3, events=POLLIN}], 2, 6) = 0 (Timeout)
clock_gettime(CLOCK_MONOTONIC, {tv_sec=313, tv_nsec=685967600}) = 0
rt_sigaction(SIGPIPE, NULL, {sa_handler=SIG_IGN, sa_mask=[PIPE], sa_flags=SA_RESTORER|SA_RESTART, sa_restorer=0x7fdf06d423c0}, 8) = 0
rt_sigaction(SIGPIPE, {sa_handler=SIG_IGN, sa_mask=[PIPE], sa_flags=SA_RESTORER|SA_RESTART, sa_restorer=0x7fdf06d423c0}, NULL, 8) = 0
poll([{fd=5, events=POLLIN|POLLPRI|POLLRDNORM|POLLRDBAND}], 1, 0) = 0 (Timeout)
clock_gettime(CLOCK_MONOTONIC, {tv_sec=313, tv_nsec=686224400}) = 0
clock_gettime(CLOCK_MONOTONIC, {tv_sec=313, tv_nsec=686282300}) = 0
clock_gettime(CLOCK_MONOTONIC, {tv_sec=313, tv_nsec=686366100}) = 0
rt_sigaction(SIGPIPE, {sa_handler=SIG_IGN, sa_mask=[PIPE], sa_flags=SA_RESTORER|SA_RESTART, sa_restorer=0x7fdf06d423c0}, NULL, 8) = 0
clock_gettime(CLOCK_MONOTONIC, {tv_sec=313, tv_nsec=686510800}) = 0
clock_gettime(CLOCK_MONOTONIC, {tv_sec=313, tv_nsec=686572000}) = 0
poll([{fd=5, events=POLLIN}, {fd=3, events=POLLIN}], 2, 1000) = 1 ([{fd=5, revents=POLLIN}])
clock_gettime(CLOCK_MONOTONIC, {tv_sec=313, tv_nsec=691803600}) = 0
rt_sigaction(SIGPIPE, NULL, {sa_handler=SIG_IGN, sa_mask=[PIPE], sa_flags=SA_RESTORER|SA_RESTART, sa_restorer=0x7fdf06d423c0}, 8) = 0
rt_sigaction(SIGPIPE, {sa_handler=SIG_IGN, sa_mask=[PIPE], sa_flags=SA_RESTORER|SA_RESTART, sa_restorer=0x7fdf06d423c0}, NULL, 8) = 0
poll([{fd=5, events=POLLIN|POLLPRI|POLLRDNORM|POLLRDBAND}], 1, 0) = 1 ([{fd=5, revents=POLLIN|POLLRDNORM}])
read(5, "\27\3\3\5i", 5)                = 5
read(5, "F\242\200\312\32\240\321\251\324\37\203u\272\314\34M\0\242G&\310G\255\30\213\277\261\321C\334\361\223"..., 1385) = 1385
clock_gettime(CLOCK_MONOTONIC, {tv_sec=313, tv_nsec=693146800}) = 0
fstat(1, {st_mode=S_IFIFO|0600, st_size=0, ...}) = 0
read(5, "\27\3\3\5i", 5)                = 5
read(5, "\304\246\337\350M\246\237\261\360\\\267S\342\213\33\201\332'u3q6U^\20O\374\31\244\225\354."..., 1385) = 1385
read(5, "\27\3\3\5i", 5)                = 5
read(5, "\240\313\300\275\234\226\267t\321\310\344A0\202@\327\216\253x\257\n\10\262ji\231\237\276\vk\2165"..., 1385) = 1385
read(5, "\27\3\3\5i", 5)                = 5
read(5, "%\304\234(\251\30\317T\273\375\266\224r\240\35r\232\377a\335}\325\317q\3013\253\2212\332\201\341"..., 1385) = 1385
write(1, "-----BEGIN PGP PUBLIC KEY BLOCK-"..., 4096) = 4096
read(5, "\27\3\3\5i", 5)                = 5
read(5, "\v\n=Y\10\255\327\271\341\321\332\225\342\242V\271\315\276H\320\17\231\236\3010 \244''1\243\227"..., 1385) = 1385
read(5, "\27\3\3\5i", 5)                = 5
read(5, "\375\35\21\203\342L\314\r\3453\24\240\216\0363qa\36u\305\276\262\234\r\\\274\317\326\336T\25\243"..., 1385) = 1385
read(5, "\27\3\3\5i", 5)                = 5
read(5, "\326X\3246w\270\260(\332\350\22z\301!\322\32~\7VG6\370\342\312\231\4\326\265\366@\230\224"..., 1385) = 1385
write(1, "Js0ELKCr4jMwpSOTYqbDgEYOQTmHKkX8"..., 4096) = 4096
read(5, "\27\3\3\5i", 5)                = 5
read(5, "\346\206\225\313\307\2\372\0162\230|aH\21\254\357\3504\334~\205\312\1t\253c\2321\333\10G\366"..., 1385) = 1385
read(5, "\27\3\3\5i", 5)                = 5
read(5, "\220\305\310\21\205<\327C\27\351\204\264\370\"\30 o;d\357\251\203h\2359\264\311r\37[\213\202"..., 1385) = 1385
read(5, "\27\3\3\5i", 5)                = 5
read(5, "3\273\241\353\326G/\59\316-\210=\240WL\237\203I_]\350%\363t\314\222\305\262k^\332"..., 1385) = 1385
write(1, "AYFAlm1lqMACgkQ4HTRbrb/TeMpDQ//e"..., 4096) = 4096
read(5, "\27\3\3\4B", 5)                = 5
read(5, "H\231\270\303\213\342\346\33\312I\263\206mg\372\347M\364\2430\304\315\325o)\6\211\354D\230\7\277"..., 1090) = 1090
read(5, "\27\3\3\0\31", 5)              = 5
read(5, "\217\313\321,\320\344\250\352\227\253\214\376\221\10\204\177c\355\255\343\344\335T\355\242", 25) = 25
clock_gettime(CLOCK_MONOTONIC, {tv_sec=313, tv_nsec=696449800}) = 0
clock_gettime(CLOCK_MONOTONIC, {tv_sec=313, tv_nsec=696535800}) = 0
clock_gettime(CLOCK_MONOTONIC, {tv_sec=313, tv_nsec=696608000}) = 0
clock_gettime(CLOCK_MONOTONIC, {tv_sec=313, tv_nsec=696698000}) = 0
clock_gettime(CLOCK_MONOTONIC, {tv_sec=313, tv_nsec=696772000}) = 0
clock_gettime(CLOCK_MONOTONIC, {tv_sec=313, tv_nsec=696866000}) = 0
time([1599505839 /* 2020-09-07T12:10:39-0700 */]) = 1599505839 (2020-09-07T12:10:39-0700)
clock_gettime(CLOCK_MONOTONIC, {tv_sec=313, tv_nsec=697216400}) = 0
rt_sigaction(SIGPIPE, {sa_handler=SIG_IGN, sa_mask=[PIPE], sa_flags=SA_RESTORER|SA_RESTART, sa_restorer=0x7fdf06d423c0}, NULL, 8) = 0
rt_sigaction(SIGPIPE, {sa_handler=SIG_IGN, sa_mask=[PIPE], sa_flags=SA_RESTORER|SA_RESTART, sa_restorer=0x7fdf06d423c0}, NULL, 8) = 0
write(1, "yDJYqGVSl0w5IAU8dqDQMc0IpsVMbFk4"..., 1827) = 1827
rt_sigaction(SIGPIPE, NULL, {sa_handler=SIG_IGN, sa_mask=[PIPE], sa_flags=SA_RESTORER|SA_RESTART, sa_restorer=0x7fdf06d423c0}, 8) = 0
rt_sigaction(SIGPIPE, {sa_handler=SIG_IGN, sa_mask=[PIPE], sa_flags=SA_RESTORER|SA_RESTART, sa_restorer=0x7fdf06d423c0}, NULL, 8) = 0
rt_sigaction(SIGPIPE, NULL, {sa_handler=SIG_IGN, sa_mask=[PIPE], sa_flags=SA_RESTORER|SA_RESTART, sa_restorer=0x7fdf06d423c0}, 8) = 0
rt_sigaction(SIGPIPE, {sa_handler=SIG_IGN, sa_mask=[PIPE], sa_flags=SA_RESTORER|SA_RESTART, sa_restorer=0x7fdf06d423c0}, NULL, 8) = 0
rt_sigaction(SIGPIPE, {sa_handler=SIG_IGN, sa_mask=[PIPE], sa_flags=SA_RESTORER|SA_RESTART, sa_restorer=0x7fdf06d423c0}, NULL, 8) = 0
close(3)                                = 0
close(4)                                = 0
rt_sigaction(SIGPIPE, {sa_handler=SIG_IGN, sa_mask=[PIPE], sa_flags=SA_RESTORER|SA_RESTART, sa_restorer=0x7fdf06d423c0}, NULL, 8) = 0
rt_sigaction(SIGPIPE, NULL, {sa_handler=SIG_IGN, sa_mask=[PIPE], sa_flags=SA_RESTORER|SA_RESTART, sa_restorer=0x7fdf06d423c0}, 8) = 0
rt_sigaction(SIGPIPE, {sa_handler=SIG_IGN, sa_mask=[PIPE], sa_flags=SA_RESTORER|SA_RESTART, sa_restorer=0x7fdf06d423c0}, NULL, 8) = 0
rt_sigaction(SIGPIPE, {sa_handler=SIG_IGN, sa_mask=[PIPE], sa_flags=SA_RESTORER|SA_RESTART, sa_restorer=0x7fdf06d423c0}, NULL, 8) = 0
rt_sigaction(SIGPIPE, NULL, {sa_handler=SIG_IGN, sa_mask=[PIPE], sa_flags=SA_RESTORER|SA_RESTART, sa_restorer=0x7fdf06d423c0}, 8) = 0
rt_sigaction(SIGPIPE, {sa_handler=SIG_IGN, sa_mask=[PIPE], sa_flags=SA_RESTORER|SA_RESTART, sa_restorer=0x7fdf06d423c0}, NULL, 8) = 0
write(5, "\25\3\3\0\22\272*RJ\307\344\205\317\327\323\206&\177\247\312k\31\210", 23) = 23
close(5)                                = 0
rt_sigaction(SIGPIPE, {sa_handler=SIG_IGN, sa_mask=[PIPE], sa_flags=SA_RESTORER|SA_RESTART, sa_restorer=0x7fdf06d423c0}, NULL, 8) = 0
rt_sigaction(SIGPIPE, NULL, {sa_handler=SIG_IGN, sa_mask=[PIPE], sa_flags=SA_RESTORER|SA_RESTART, sa_restorer=0x7fdf06d423c0}, 8) = 0
rt_sigaction(SIGPIPE, {sa_handler=SIG_IGN, sa_mask=[PIPE], sa_flags=SA_RESTORER|SA_RESTART, sa_restorer=0x7fdf06d423c0}, NULL, 8) = 0
rt_sigaction(SIGPIPE, {sa_handler=SIG_IGN, sa_mask=[PIPE], sa_flags=SA_RESTORER|SA_RESTART, sa_restorer=0x7fdf06d423c0}, NULL, 8) = 0
exit_group(0)                           = ?
+++ exited with 0 +++
